#
# A fatal error has been detected by the Java Runtime Environment:
#
#  EXCEPTION_IN_PAGE_ERROR (0xc0000006) at pc=0x00007ffff40cc79e, pid=4268, tid=10368
#
# JRE version: OpenJDK Runtime Environment (11.0.2+9) (build 11.0.2+9)
# Java VM: OpenJDK 64-Bit Server VM (11.0.2+9, mixed mode, tiered, compressed oops, g1 gc, windows-amd64)
# Problematic frame:
# V  [jvm.dll+0x1dc79e]
#
# No core dump will be written. Minidumps are not enabled by default on client versions of Windows
#
# If you would like to submit a bug report, please visit:
#   http://bugreport.java.com/bugreport/crash.jsp
#

---------------  S U M M A R Y ------------

Command Line: -Djavafx.embed.singleThread=true 

Host: Intel(R) Core(TM) i3-4160 CPU @ 3.60GHz, 4 cores, 15G, Call to GetFileVersionInfoSize failed
Time: Tue Oct  1 14:51:06 2019 Pacific Daylight Time elapsed time: 2093 seconds (0d 0h 34m 53s)

---------------  T H R E A D  ---------------

Current thread (0x00000000398eb000):  JavaThread "BlueJ compiler thread" [_thread_in_vm, id=10368, stack(0x000000005f290000,0x000000005f490000)]

Stack: [0x000000005f290000,0x000000005f490000],  sp=0x000000005f48c010,  free space=2032k
Native frames: (J=compiled Java code, j=interpreted, Vv=VM code, C=native code)
V  [jvm.dll+0x1dc79e]
V  [jvm.dll+0x1d2087]
V  [jvm.dll+0x516515]
V  [jvm.dll+0x70d6e9]
V  [jvm.dll+0x40dd85]
V  [jvm.dll+0x41480b]
C  [java.dll+0x1b3d]

Java frames: (J=compiled Java code, j=interpreted, Vv=VM code)
J 4334  java.lang.ClassLoader.defineClass2(Ljava/lang/ClassLoader;Ljava/lang/String;Ljava/nio/ByteBuffer;IILjava/security/ProtectionDomain;Ljava/lang/String;)Ljava/lang/Class; java.base@11.0.2 (0 bytes) @ 0x0000000012d71f0b [0x0000000012d71e40+0x00000000000000cb]
J 4336 c1 java.lang.ClassLoader.defineClass(Ljava/lang/String;Ljava/nio/ByteBuffer;Ljava/security/ProtectionDomain;)Ljava/lang/Class; java.base@11.0.2 (108 bytes) @ 0x000000000be8c4e4 [0x000000000be8c300+0x00000000000001e4]
J 4333 c1 jdk.internal.loader.BuiltinClassLoader.defineClass(Ljava/lang/String;Ljdk/internal/loader/BuiltinClassLoader$LoadedModule;)Ljava/lang/Class; java.base@11.0.2 (162 bytes) @ 0x000000000be8b0c4 [0x000000000be8ab40+0x0000000000000584]
J 4332 c1 jdk.internal.loader.BuiltinClassLoader.findClassInModuleOrNull(Ljdk/internal/loader/BuiltinClassLoader$LoadedModule;Ljava/lang/String;)Ljava/lang/Class; java.base@11.0.2 (30 bytes) @ 0x000000000be8a55c [0x000000000be8a4e0+0x000000000000007c]
j  jdk.internal.loader.BuiltinClassLoader.findClass(Ljava/lang/String;Ljava/lang/String;)Ljava/lang/Class;+42 java.base@11.0.2
j  java.lang.ClassLoader.loadClass(Ljava/lang/Module;Ljava/lang/String;)Ljava/lang/Class;+26 java.base@11.0.2
j  java.lang.Class.forName(Ljava/lang/Module;Ljava/lang/String;)Ljava/lang/Class;+81 java.base@11.0.2
j  java.util.ResourceBundle$ResourceBundleProviderHelper.lambda$loadResourceBundle$1(Ljava/lang/Module;Ljava/lang/String;)Ljava/lang/Class;+2 java.base@11.0.2
j  java.util.ResourceBundle$ResourceBundleProviderHelper$$Lambda$60.run()Ljava/lang/Object;+8 java.base@11.0.2
v  ~StubRoutines::call_stub
J 2053  java.security.AccessController.doPrivileged(Ljava/security/PrivilegedAction;Ljava/security/AccessControlContext;)Ljava/lang/Object; java.base@11.0.2 (0 bytes) @ 0x0000000012c687b6 [0x0000000012c68740+0x0000000000000076]
j  java.security.AccessController.doPrivileged(Ljava/security/PrivilegedAction;Ljava/security/AccessControlContext;[Ljava/security/Permission;)Ljava/lang/Object;+33 java.base@11.0.2
j  java.util.ResourceBundle$ResourceBundleProviderHelper.loadResourceBundle(Ljava/lang/Module;Ljava/lang/Module;Ljava/lang/String;Ljava/util/Locale;)Ljava/util/ResourceBundle;+33 java.base@11.0.2
j  java.util.ResourceBundle.loadBundle(Ljava/util/ResourceBundle$CacheKey;Ljava/util/List;Ljava/util/ResourceBundle$Control;Ljava/lang/Module;Ljava/lang/Module;)Ljava/util/ResourceBundle;+255 java.base@11.0.2
J 12485 c1 java.util.ResourceBundle.findBundle(Ljava/lang/Module;Ljava/lang/Module;Ljava/util/ResourceBundle$CacheKey;Ljava/util/List;Ljava/util/List;ILjava/util/ResourceBundle$Control;Ljava/util/ResourceBundle;)Ljava/util/ResourceBundle; java.base@11.0.2 (321 bytes) @ 0x000000000cf5086c [0x000000000cf4eda0+0x0000000000001acc]
J 12485 c1 java.util.ResourceBundle.findBundle(Ljava/lang/Module;Ljava/lang/Module;Ljava/util/ResourceBundle$CacheKey;Ljava/util/List;Ljava/util/List;ILjava/util/ResourceBundle$Control;Ljava/util/ResourceBundle;)Ljava/util/ResourceBundle; java.base@11.0.2 (321 bytes) @ 0x000000000cf4f11c [0x000000000cf4eda0+0x000000000000037c]
J 12485 c1 java.util.ResourceBundle.findBundle(Ljava/lang/Module;Ljava/lang/Module;Ljava/util/ResourceBundle$CacheKey;Ljava/util/List;Ljava/util/List;ILjava/util/ResourceBundle$Control;Ljava/util/ResourceBundle;)Ljava/util/ResourceBundle; java.base@11.0.2 (321 bytes) @ 0x000000000cf4f11c [0x000000000cf4eda0+0x000000000000037c]
J 17352 c1 java.util.ResourceBundle.getBundleImpl(Ljava/lang/Module;Ljava/lang/Module;Ljava/lang/String;Ljava/util/Locale;Ljava/util/ResourceBundle$Control;)Ljava/util/ResourceBundle; java.base@11.0.2 (334 bytes) @ 0x000000000c0e7ba4 [0x000000000c0e6c80+0x0000000000000f24]
J 18512 c1 java.util.ResourceBundle.getBundleImpl(Ljava/lang/String;Ljava/util/Locale;Ljava/lang/Class;Ljava/lang/ClassLoader;Ljava/util/ResourceBundle$Control;)Ljava/util/ResourceBundle; java.base@11.0.2 (77 bytes) @ 0x000000000bfca004 [0x000000000bfc98a0+0x0000000000000764]
j  java.util.ResourceBundle.getBundleImpl(Ljava/lang/String;Ljava/util/Locale;Ljava/lang/Class;Ljava/util/ResourceBundle$Control;)Ljava/util/ResourceBundle;+8 java.base@11.0.2
j  java.util.ResourceBundle.getBundle(Ljava/lang/String;)Ljava/util/ResourceBundle;+14 java.base@11.0.2
j  com.sun.tools.javac.main.JavaCompiler.version(Ljava/lang/String;)Ljava/lang/String;+8 jdk.compiler@11.0.2
j  com.sun.tools.javac.main.JavaCompiler.version()Ljava/lang/String;+2 jdk.compiler@11.0.2
j  com.sun.tools.javac.api.JavacTaskImpl.handleExceptions(Ljava/util/concurrent/Callable;Ljava/lang/Object;Ljava/lang/Object;)Ljava/lang/Object;+198 jdk.compiler@11.0.2
j  com.sun.tools.javac.api.JavacTaskImpl.doCall()Lcom/sun/tools/javac/main/Main$Result;+13 jdk.compiler@11.0.2
j  com.sun.tools.javac.api.JavacTaskImpl.call()Ljava/lang/Boolean;+1 jdk.compiler@11.0.2
j  bluej.compiler.CompilerAPICompiler.compile([Ljava/io/File;Lbluej/compiler/CompileObserver;ZLjava/util/List;Ljava/nio/charset/Charset;Lbluej/compiler/CompileType;)Z+309
j  bluej.compiler.Job.compile()V+172
j  bluej.compiler.CompilerThread.run()V+52
v  ~StubRoutines::call_stub

siginfo: EXCEPTION_IN_PAGE_ERROR (0xc0000006), reading address 0x000000000897a584


Register to memory mapping:

RIP=0x00007ffff40cc79e jvm.dll
RAX=0x000000000000023e is an unknown value
RBX=0x00000000398eb000 is a thread
RCX=0x000000005f48c2b0 is pointing into the stack for thread: 0x00000000398eb000
RDX=0x000000005f48c640 is pointing into the stack for thread: 0x00000000398eb000
RSP=0x000000005f48c010 is pointing into the stack for thread: 0x00000000398eb000
RBP=0x00000000398eb000 is a thread
RSI=0x000000005f48c2b0 is pointing into the stack for thread: 0x00000000398eb000
RDI=0x000000005f48c640 is pointing into the stack for thread: 0x00000000398eb000
R8 =0x00000000398eb000 is a thread
R9 =0x000000000897a584 is an unknown value
R10=0x000000002f57baf8 points into unknown readable memory: 1b fd d9 91 00 00 00 00
R11=0x0000000000000001 is an unknown value
R12=0x00000000340066f0 points into unknown readable memory: 02 00 00 00 00 00 00 00
R13=0x000000005f48c640 is pointing into the stack for thread: 0x00000000398eb000
R14=0x0 is NULL
R15=0x00000000398eb000 is a thread


Registers:
RAX=0x000000000000023e, RBX=0x00000000398eb000, RCX=0x000000005f48c2b0, RDX=0x000000005f48c640
RSP=0x000000005f48c010, RBP=0x00000000398eb000, RSI=0x000000005f48c2b0, RDI=0x000000005f48c640
R8 =0x00000000398eb000, R9 =0x000000000897a584, R10=0x000000002f57baf8, R11=0x0000000000000001
R12=0x00000000340066f0, R13=0x000000005f48c640, R14=0x0000000000000000, R15=0x00000000398eb000
RIP=0x00007ffff40cc79e, EFLAGS=0x0000000000010246

Top of Stack: (sp=0x000000005f48c010)
0x000000005f48c010:   00000000398eb000 0000000000000065
0x000000005f48c020:   0000000000000000 00007fff2e632900
0x000000005f48c030:   000000005f48c050 000000005f48c150
0x000000005f48c040:   00000000398eb340 0000000000000031
0x000000005f48c050:   2f6e75732f6d6f63 616a2f736c6f6f74
0x000000005f48c060:   6f7365722f636176 70732f7365637275
0x000000005f48c070:   6f69737265762f69 656469766f72506e
0x000000005f48c080:   0000000000000072 0000000034006830
0x000000005f48c090:   0000000028e60e80 00007ffff45fa146
0x000000005f48c0a0:   0000000000000000 00000000398eb000
0x000000005f48c0b0:   00000000398eb000 00000000398eb000
0x000000005f48c0c0:   0000000e00000001 0000000026e02fb0
0x000000005f48c0d0:   0000d90100000009 00007ffff4595b00
0x000000005f48c0e0:   0000d968e2df9a50 00007ffff4595d02
0x000000005f48c0f0:   00000000398eb000 00007ffff4246555
0x000000005f48c100:   000000070168e850 0000000000000000 

Instructions: (pc=0x00007ffff40cc79e)
0x00007ffff40cc77e:   48 83 f8 08 73 0b 49 8b d0 48 8b cf e8 f1 31 00
0x00007ffff40cc78e:   00 48 83 7d 08 00 0f 85 1b 0a 00 00 4c 8b 4f 18
0x00007ffff40cc79e:   41 8b 11 8b c2 c1 e8 08 44 0f b6 c0 0f b6 c2 c1
0x00007ffff40cc7ae:   e0 08 44 0b c0 8b c2 41 c1 e0 08 c1 e8 10 0f b6 


Stack slot to memory mapping:
stack at sp + 0 slots: 0x00000000398eb000 is a thread
stack at sp + 1 slots: 0x0000000000000065 is an unknown value
stack at sp + 2 slots: 0x0 is NULL
stack at sp + 3 slots: 0x00007fff2e632900 is an unknown value
stack at sp + 4 slots: 0x000000005f48c050 is pointing into the stack for thread: 0x00000000398eb000
stack at sp + 5 slots: 0x000000005f48c150 is pointing into the stack for thread: 0x00000000398eb000
stack at sp + 6 slots: 0x00000000398eb340 points into unknown readable memory: a0 1c 8e f4 ff 7f 00 00
stack at sp + 7 slots: 0x0000000000000031 is an unknown value


---------------  P R O C E S S  ---------------

Threads class SMR info:
_java_thread_list=0x000000002eb77370, length=32, elements={
0x0000000002e5e000, 0x000000002707b800, 0x000000002707c000, 0x00000000270af800,
0x00000000270b0000, 0x00000000270b3000, 0x000000002710e800, 0x0000000027117800,
0x0000000027289000, 0x000000002729d000, 0x0000000028c88800, 0x0000000028cf8000,
0x0000000028def800, 0x0000000028df1000, 0x000000002928e800, 0x000000002e82e000,
0x0000000028f8d800, 0x000000002e871000, 0x000000002ea4b800, 0x0000000029240800,
0x0000000029240000, 0x000000002923e800, 0x00000000398e4800, 0x00000000398e2000,
0x00000000398e1000, 0x00000000398e7800, 0x00000000398e5000, 0x00000000398e3800,
0x00000000398e8800, 0x00000000398e3000, 0x00000000398e6000, 0x00000000398eb000
}

Java Threads: ( => current thread )
  0x0000000002e5e000 JavaThread "main" [_thread_blocked, id=12568, stack(0x00000000004e0000,0x00000000006e0000)]
  0x000000002707b800 JavaThread "Reference Handler" daemon [_thread_blocked, id=12580, stack(0x0000000027590000,0x0000000027790000)]
  0x000000002707c000 JavaThread "Finalizer" daemon [_thread_blocked, id=8632, stack(0x0000000027790000,0x0000000027990000)]
  0x00000000270af800 JavaThread "Signal Dispatcher" daemon [_thread_blocked, id=7548, stack(0x0000000027a90000,0x0000000027c90000)]
  0x00000000270b0000 JavaThread "Attach Listener" daemon [_thread_blocked, id=12492, stack(0x0000000027c90000,0x0000000027e90000)]
  0x00000000270b3000 JavaThread "C2 CompilerThread0" daemon [_thread_blocked, id=8132, stack(0x0000000027e90000,0x0000000028090000)]
  0x000000002710e800 JavaThread "C1 CompilerThread0" daemon [_thread_blocked, id=2996, stack(0x0000000028090000,0x0000000028290000)]
  0x0000000027117800 JavaThread "Sweeper thread" daemon [_thread_blocked, id=2232, stack(0x0000000028290000,0x0000000028490000)]
  0x0000000027289000 JavaThread "Service Thread" daemon [_thread_blocked, id=7204, stack(0x0000000028490000,0x0000000028690000)]
  0x000000002729d000 JavaThread "Common-Cleaner" daemon [_thread_blocked, id=8700, stack(0x0000000028890000,0x0000000028a90000)]
  0x0000000028c88800 JavaThread "JavaFX-Launcher" [_thread_blocked, id=9364, stack(0x0000000029290000,0x0000000029490000)]
  0x0000000028cf8000 JavaThread "QuantumRenderer-0" daemon [_thread_blocked, id=12924, stack(0x00000000295d0000,0x00000000297d0000)]
  0x0000000028def800 JavaThread "InvokeLaterDispatcher" daemon [_thread_blocked, id=9148, stack(0x00000000299c0000,0x0000000029bc0000)]
  0x0000000028df1000 JavaThread "JavaFX Application Thread" [_thread_in_native, id=1640, stack(0x0000000029bc0000,0x0000000029dc0000)]
  0x000000002928e800 JavaThread "Thread-2" daemon [_thread_in_native, id=8956, stack(0x000000002f730000,0x000000002f930000)]
  0x000000002e82e000 JavaThread "Java2D Disposer" daemon [_thread_blocked, id=6672, stack(0x000000002fc70000,0x000000002fe70000)]
  0x0000000028f8d800 JavaThread "AWT-Shutdown" [_thread_blocked, id=2412, stack(0x000000002fe70000,0x0000000030070000)]
  0x000000002e871000 JavaThread "AWT-Windows" daemon [_thread_in_native, id=11988, stack(0x0000000030070000,0x0000000030270000)]
  0x000000002ea4b800 JavaThread "Thread-3" [_thread_blocked, id=8672, stack(0x0000000030270000,0x0000000030470000)]
  0x0000000029240800 JavaThread "AWT-EventQueue-0" [_thread_blocked, id=6376, stack(0x00000000326d0000,0x00000000328d0000)]
  0x0000000029240000 JavaThread "TimerQueue" daemon [_thread_blocked, id=11260, stack(0x00000000345a0000,0x00000000347a0000)]
  0x000000002923e800 JavaThread "Prism Font Disposer" daemon [_thread_blocked, id=12596, stack(0x0000000036bc0000,0x0000000036dc0000)]
  0x00000000398e4800 JavaThread "SwingNode Disposer" daemon [_thread_blocked, id=9392, stack(0x000000003b090000,0x000000003b290000)]
  0x00000000398e2000 JavaThread "Cleaner-0" daemon [_thread_blocked, id=3888, stack(0x000000003b890000,0x000000003ba90000)]
  0x00000000398e1000 JavaThread "JDI Internal Event Handler" daemon [_thread_blocked, id=2148, stack(0x000000003c890000,0x000000003ca90000)]
  0x00000000398e7800 JavaThread "JDI Target VM Interface" daemon [_thread_in_native, id=2812, stack(0x000000003ca90000,0x000000003cc90000)]
  0x00000000398e5000 JavaThread "BlueJ I/O Handler" [_thread_in_native, id=9260, stack(0x000000003cc90000,0x000000003ce90000)]
  0x00000000398e3800 JavaThread "BlueJ I/O Handler" [_thread_in_native, id=8584, stack(0x000000003ce90000,0x000000003d090000)]
  0x00000000398e8800 JavaThread "BlueJ I/O Handler" [_thread_blocked, id=10576, stack(0x000000003d090000,0x000000003d290000)]
  0x00000000398e3000 JavaThread "vm-event-handler" [_thread_blocked, id=6392, stack(0x000000003d290000,0x000000003d490000)]
  0x00000000398e6000 JavaThread "Disposer" daemon [_thread_blocked, id=1264, stack(0x000000005e490000,0x000000005e690000)]
=>0x00000000398eb000 JavaThread "BlueJ compiler thread" [_thread_in_vm, id=10368, stack(0x000000005f290000,0x000000005f490000)]

Other Threads:
  0x0000000023b4e800 VMThread "VM Thread" [stack: 0x0000000027390000,0x0000000027590000] [id=9796]
  0x000000002729c000 WatcherThread [stack: 0x0000000028690000,0x0000000028890000] [id=7108]
  0x0000000002e76000 GCTaskThread "GC Thread#0" [stack: 0x0000000002780000,0x0000000002980000] [id=11648]
  0x000000002ebfa000 GCTaskThread "GC Thread#1" [stack: 0x0000000030470000,0x0000000030670000] [id=8856]
  0x0000000028e81000 GCTaskThread "GC Thread#2" [stack: 0x0000000030670000,0x0000000030870000] [id=11132]
  0x000000002903a800 GCTaskThread "GC Thread#3" [stack: 0x0000000030870000,0x0000000030a70000] [id=2700]
  0x0000000023983800 ConcurrentGCThread "G1 Main Marker" [stack: 0x0000000023b50000,0x0000000023d50000] [id=4996]
  0x0000000023984800 ConcurrentGCThread "G1 Conc#0" [stack: 0x0000000023d50000,0x0000000023f50000] [id=2088]
  0x0000000023aa0000 ConcurrentGCThread "G1 Refine#0" [stack: 0x0000000026390000,0x0000000026590000] [id=2944]
  0x0000000023aa2800 ConcurrentGCThread "G1 Young RemSet Sampling" [stack: 0x0000000026590000,0x0000000026790000] [id=984]

Threads with active compile tasks:

VM state:not at safepoint (normal execution)

VM Mutex/Monitor currently owned by a thread: None

Heap address: 0x0000000701600000, size: 4074 MB, Compressed Oops mode: Zero based, Oop shift amount: 3
Narrow klass base: 0x0000000800000000, Narrow klass shift: 0
Compressed class space size: 1073741824 Address: 0x0000000800000000

Heap:
 garbage-first heap   total 398336K, used 159609K [0x0000000701600000, 0x0000000800000000)
  region size 1024K, 75 young (76800K), 9 survivors (9216K)
 Metaspace       used 77457K, capacity 81290K, committed 81436K, reserved 1120256K
  class space    used 9623K, capacity 11119K, committed 11132K, reserved 1048576K
Heap Regions: E=young(eden), S=young(survivor), O=old, HS=humongous(starts), HC=humongous(continues), CS=collection set, F=free, A=archive, TAMS=top-at-mark-start (previous, next)
|   0|0x0000000701600000, 0x0000000701700000, 0x0000000701700000|100%| O|  |TAMS 0x0000000701700000, 0x0000000701600000| Untracked 
|   1|0x0000000701700000, 0x0000000701800000, 0x0000000701800000|100%|HS|  |TAMS 0x0000000701800000, 0x0000000701700000| Complete 
|   2|0x0000000701800000, 0x0000000701900000, 0x0000000701900000|100%| O|  |TAMS 0x0000000701900000, 0x0000000701800000| Untracked 
|   3|0x0000000701900000, 0x0000000701a00000, 0x0000000701a00000|100%| O|  |TAMS 0x0000000701a00000, 0x0000000701900000| Untracked 
|   4|0x0000000701a00000, 0x0000000701b00000, 0x0000000701b00000|100%| O|  |TAMS 0x0000000701b00000, 0x0000000701a00000| Untracked 
|   5|0x0000000701b00000, 0x0000000701c00000, 0x0000000701c00000|100%| O|  |TAMS 0x0000000701c00000, 0x0000000701b00000| Untracked 
|   6|0x0000000701c00000, 0x0000000701d00000, 0x0000000701d00000|100%| O|  |TAMS 0x0000000701d00000, 0x0000000701c00000| Untracked 
|   7|0x0000000701d00000, 0x0000000701e00000, 0x0000000701e00000|100%|HS|  |TAMS 0x0000000701e00000, 0x0000000701d00000| Complete 
|   8|0x0000000701e00000, 0x0000000701f00000, 0x0000000701f00000|100%|HC|  |TAMS 0x0000000701f00000, 0x0000000701e00000| Complete 
|   9|0x0000000701f00000, 0x0000000702000000, 0x0000000702000000|100%| O|  |TAMS 0x0000000701f88200, 0x0000000701f00000| Untracked 
|  10|0x0000000702000000, 0x0000000702100000, 0x0000000702100000|100%| O|  |TAMS 0x0000000702000000, 0x0000000702000000| Untracked 
|  11|0x0000000702100000, 0x0000000702200000, 0x0000000702200000|100%| O|  |TAMS 0x0000000702100000, 0x0000000702100000| Untracked 
|  12|0x0000000702200000, 0x0000000702300000, 0x0000000702300000|100%| O|  |TAMS 0x0000000702200000, 0x0000000702200000| Untracked 
|  13|0x0000000702300000, 0x0000000702400000, 0x0000000702400000|100%| O|  |TAMS 0x0000000702300000, 0x0000000702300000| Untracked 
|  14|0x0000000702400000, 0x0000000702500000, 0x0000000702500000|100%| O|  |TAMS 0x0000000702400000, 0x0000000702400000| Untracked 
|  15|0x0000000702500000, 0x0000000702600000, 0x0000000702600000|100%| O|  |TAMS 0x0000000702500000, 0x0000000702500000| Untracked 
|  16|0x0000000702600000, 0x0000000702700000, 0x0000000702700000|100%| O|  |TAMS 0x0000000702600000, 0x0000000702600000| Untracked 
|  17|0x0000000702700000, 0x0000000702800000, 0x0000000702800000|100%| O|  |TAMS 0x0000000702700000, 0x0000000702700000| Untracked 
|  18|0x0000000702800000, 0x0000000702900000, 0x0000000702900000|100%| O|  |TAMS 0x0000000702800000, 0x0000000702800000| Untracked 
|  19|0x0000000702900000, 0x0000000702a00000, 0x0000000702a00000|100%| O|  |TAMS 0x0000000702900000, 0x0000000702900000| Untracked 
|  20|0x0000000702a00000, 0x0000000702b00000, 0x0000000702b00000|100%| O|  |TAMS 0x0000000702a00000, 0x0000000702a00000| Untracked 
|  21|0x0000000702b00000, 0x0000000702c00000, 0x0000000702c00000|100%| O|  |TAMS 0x0000000702b00000, 0x0000000702b00000| Untracked 
|  22|0x0000000702c00000, 0x0000000702d00000, 0x0000000702d00000|100%| O|  |TAMS 0x0000000702c00000, 0x0000000702c00000| Untracked 
|  23|0x0000000702d00000, 0x0000000702e00000, 0x0000000702e00000|100%| O|  |TAMS 0x0000000702d00000, 0x0000000702d00000| Untracked 
|  24|0x0000000702e00000, 0x0000000702f00000, 0x0000000702f00000|100%| O|  |TAMS 0x0000000702e00000, 0x0000000702e00000| Untracked 
|  25|0x0000000702f00000, 0x0000000703000000, 0x0000000703000000|100%| O|  |TAMS 0x0000000702f00000, 0x0000000702f00000| Untracked 
|  26|0x0000000703000000, 0x0000000703100000, 0x0000000703100000|100%| O|  |TAMS 0x0000000703000000, 0x0000000703000000| Untracked 
|  27|0x0000000703100000, 0x0000000703200000, 0x0000000703200000|100%| O|  |TAMS 0x0000000703100000, 0x0000000703100000| Untracked 
|  28|0x0000000703200000, 0x0000000703300000, 0x0000000703300000|100%| O|  |TAMS 0x0000000703200000, 0x0000000703200000| Untracked 
|  29|0x0000000703300000, 0x0000000703400000, 0x0000000703400000|100%| O|  |TAMS 0x0000000703300000, 0x0000000703300000| Untracked 
|  30|0x0000000703400000, 0x0000000703500000, 0x0000000703500000|100%| O|  |TAMS 0x0000000703400000, 0x0000000703400000| Untracked 
|  31|0x0000000703500000, 0x0000000703600000, 0x0000000703600000|100%| O|  |TAMS 0x0000000703500000, 0x0000000703500000| Untracked 
|  32|0x0000000703600000, 0x0000000703700000, 0x0000000703700000|100%| O|  |TAMS 0x0000000703600000, 0x0000000703600000| Untracked 
|  33|0x0000000703700000, 0x0000000703800000, 0x0000000703800000|100%| O|  |TAMS 0x0000000703700000, 0x0000000703700000| Untracked 
|  34|0x0000000703800000, 0x0000000703900000, 0x0000000703900000|100%| O|  |TAMS 0x0000000703800000, 0x0000000703800000| Untracked 
|  35|0x0000000703900000, 0x0000000703a00000, 0x0000000703a00000|100%| O|  |TAMS 0x0000000703900000, 0x0000000703900000| Untracked 
|  36|0x0000000703a00000, 0x0000000703b00000, 0x0000000703b00000|100%| O|  |TAMS 0x0000000703a00000, 0x0000000703a00000| Untracked 
|  37|0x0000000703b00000, 0x0000000703c00000, 0x0000000703c00000|100%| O|  |TAMS 0x0000000703b00000, 0x0000000703b00000| Untracked 
|  38|0x0000000703c00000, 0x0000000703d00000, 0x0000000703d00000|100%| O|  |TAMS 0x0000000703c00000, 0x0000000703c00000| Untracked 
|  39|0x0000000703d00000, 0x0000000703e00000, 0x0000000703e00000|100%| O|  |TAMS 0x0000000703d00000, 0x0000000703d00000| Untracked 
|  40|0x0000000703e00000, 0x0000000703f00000, 0x0000000703f00000|100%| O|  |TAMS 0x0000000703e00000, 0x0000000703e00000| Untracked 
|  41|0x0000000703f00000, 0x0000000704000000, 0x0000000704000000|100%| O|  |TAMS 0x0000000703f00000, 0x0000000703f00000| Untracked 
|  42|0x0000000704000000, 0x0000000704100000, 0x0000000704100000|100%| O|  |TAMS 0x0000000704000000, 0x0000000704000000| Untracked 
|  43|0x0000000704100000, 0x0000000704200000, 0x0000000704200000|100%| O|  |TAMS 0x0000000704100000, 0x0000000704100000| Untracked 
|  44|0x0000000704200000, 0x0000000704300000, 0x0000000704300000|100%| O|  |TAMS 0x0000000704200000, 0x0000000704200000| Untracked 
|  45|0x0000000704300000, 0x0000000704400000, 0x0000000704400000|100%| O|  |TAMS 0x0000000704300000, 0x0000000704300000| Untracked 
|  46|0x0000000704400000, 0x0000000704500000, 0x0000000704500000|100%| O|  |TAMS 0x0000000704400000, 0x0000000704400000| Untracked 
|  47|0x0000000704500000, 0x0000000704600000, 0x0000000704600000|100%| O|  |TAMS 0x0000000704500000, 0x0000000704500000| Untracked 
|  48|0x0000000704600000, 0x0000000704700000, 0x0000000704700000|100%| O|  |TAMS 0x0000000704600000, 0x0000000704600000| Untracked 
|  49|0x0000000704700000, 0x0000000704800000, 0x0000000704800000|100%| O|  |TAMS 0x0000000704700000, 0x0000000704700000| Untracked 
|  50|0x0000000704800000, 0x0000000704900000, 0x0000000704900000|100%| O|  |TAMS 0x0000000704800000, 0x0000000704800000| Untracked 
|  51|0x0000000704900000, 0x0000000704a00000, 0x0000000704a00000|100%| O|  |TAMS 0x0000000704900000, 0x0000000704900000| Untracked 
|  52|0x0000000704a00000, 0x0000000704b00000, 0x0000000704b00000|100%| O|  |TAMS 0x0000000704a00000, 0x0000000704a00000| Untracked 
|  53|0x0000000704b00000, 0x0000000704c00000, 0x0000000704c00000|100%| O|  |TAMS 0x0000000704b00000, 0x0000000704b00000| Untracked 
|  54|0x0000000704c00000, 0x0000000704d00000, 0x0000000704d00000|100%| O|  |TAMS 0x0000000704c00000, 0x0000000704c00000| Untracked 
|  55|0x0000000704d00000, 0x0000000704e00000, 0x0000000704e00000|100%| O|  |TAMS 0x0000000704d00000, 0x0000000704d00000| Untracked 
|  56|0x0000000704e00000, 0x0000000704f00000, 0x0000000704f00000|100%| O|  |TAMS 0x0000000704e00000, 0x0000000704e00000| Untracked 
|  57|0x0000000704f00000, 0x0000000705000000, 0x0000000705000000|100%| O|  |TAMS 0x0000000704f00000, 0x0000000704f00000| Untracked 
|  58|0x0000000705000000, 0x0000000705100000, 0x0000000705100000|100%| O|  |TAMS 0x0000000705000000, 0x0000000705000000| Untracked 
|  59|0x0000000705100000, 0x0000000705200000, 0x0000000705200000|100%| O|  |TAMS 0x0000000705100000, 0x0000000705100000| Untracked 
|  60|0x0000000705200000, 0x0000000705300000, 0x0000000705300000|100%| O|  |TAMS 0x0000000705200000, 0x0000000705200000| Untracked 
|  61|0x0000000705300000, 0x0000000705400000, 0x0000000705400000|100%| O|  |TAMS 0x0000000705300000, 0x0000000705300000| Untracked 
|  62|0x0000000705400000, 0x0000000705500000, 0x0000000705500000|100%| O|  |TAMS 0x0000000705400000, 0x0000000705400000| Untracked 
|  63|0x0000000705500000, 0x0000000705600000, 0x0000000705600000|100%| O|  |TAMS 0x0000000705500000, 0x0000000705500000| Untracked 
|  64|0x0000000705600000, 0x0000000705700000, 0x0000000705700000|100%| O|  |TAMS 0x0000000705600000, 0x0000000705600000| Untracked 
|  65|0x0000000705700000, 0x0000000705800000, 0x0000000705800000|100%| O|  |TAMS 0x0000000705700000, 0x0000000705700000| Untracked 
|  66|0x0000000705800000, 0x0000000705900000, 0x0000000705900000|100%| O|  |TAMS 0x0000000705800000, 0x0000000705800000| Untracked 
|  67|0x0000000705900000, 0x0000000705a00000, 0x0000000705a00000|100%| O|  |TAMS 0x0000000705900000, 0x0000000705900000| Untracked 
|  68|0x0000000705a00000, 0x0000000705b00000, 0x0000000705b00000|100%| O|  |TAMS 0x0000000705a00000, 0x0000000705a00000| Untracked 
|  69|0x0000000705b00000, 0x0000000705c00000, 0x0000000705c00000|100%| O|  |TAMS 0x0000000705b00000, 0x0000000705b00000| Untracked 
|  70|0x0000000705c00000, 0x0000000705d00000, 0x0000000705d00000|100%| O|  |TAMS 0x0000000705c00000, 0x0000000705c00000| Untracked 
|  71|0x0000000705d00000, 0x0000000705e00000, 0x0000000705e00000|100%| O|  |TAMS 0x0000000705d00000, 0x0000000705d00000| Untracked 
|  72|0x0000000705e00000, 0x0000000705f00000, 0x0000000705f00000|100%| O|  |TAMS 0x0000000705e00000, 0x0000000705e00000| Untracked 
|  73|0x0000000705f00000, 0x0000000706000000, 0x0000000706000000|100%| O|  |TAMS 0x0000000705f00000, 0x0000000705f00000| Untracked 
|  74|0x0000000706000000, 0x0000000706100000, 0x0000000706100000|100%| O|  |TAMS 0x0000000706000000, 0x0000000706000000| Untracked 
|  75|0x0000000706100000, 0x0000000706200000, 0x0000000706200000|100%| O|  |TAMS 0x0000000706100000, 0x0000000706100000| Untracked 
|  76|0x0000000706200000, 0x0000000706300000, 0x0000000706300000|100%| O|  |TAMS 0x0000000706200000, 0x0000000706200000| Untracked 
|  77|0x0000000706300000, 0x0000000706400000, 0x0000000706400000|100%| O|  |TAMS 0x0000000706300000, 0x0000000706300000| Untracked 
|  78|0x0000000706400000, 0x0000000706500000, 0x0000000706500000|100%| O|  |TAMS 0x0000000706400000, 0x0000000706400000| Untracked 
|  79|0x0000000706500000, 0x0000000706600000, 0x0000000706600000|100%| O|  |TAMS 0x0000000706500000, 0x0000000706500000| Untracked 
|  80|0x0000000706600000, 0x0000000706700000, 0x0000000706700000|100%| O|  |TAMS 0x0000000706600000, 0x0000000706600000| Untracked 
|  81|0x0000000706700000, 0x0000000706800000, 0x0000000706800000|100%| O|  |TAMS 0x0000000706700000, 0x0000000706700000| Untracked 
|  82|0x0000000706800000, 0x0000000706900000, 0x0000000706900000|100%| O|  |TAMS 0x0000000706800000, 0x0000000706800000| Untracked 
|  83|0x0000000706900000, 0x000000070695da00, 0x0000000706a00000| 36%| O|  |TAMS 0x0000000706900000, 0x0000000706900000| Untracked 
|  84|0x0000000706a00000, 0x0000000706a00000, 0x0000000706b00000|  0%| F|  |TAMS 0x0000000706a00000, 0x0000000706a00000| Untracked 
|  85|0x0000000706b00000, 0x0000000706b00000, 0x0000000706c00000|  0%| F|  |TAMS 0x0000000706b00000, 0x0000000706b00000| Untracked 
|  86|0x0000000706c00000, 0x0000000706c00000, 0x0000000706d00000|  0%| F|  |TAMS 0x0000000706c00000, 0x0000000706c00000| Untracked 
|  87|0x0000000706d00000, 0x0000000706d00000, 0x0000000706e00000|  0%| F|  |TAMS 0x0000000706d00000, 0x0000000706d00000| Untracked 
|  88|0x0000000706e00000, 0x0000000706e00000, 0x0000000706f00000|  0%| F|  |TAMS 0x0000000706e00000, 0x0000000706e00000| Untracked 
|  89|0x0000000706f00000, 0x0000000706f00000, 0x0000000707000000|  0%| F|  |TAMS 0x0000000706f00000, 0x0000000706f00000| Untracked 
|  90|0x0000000707000000, 0x0000000707000000, 0x0000000707100000|  0%| F|  |TAMS 0x0000000707000000, 0x0000000707000000| Untracked 
|  91|0x0000000707100000, 0x0000000707100000, 0x0000000707200000|  0%| F|  |TAMS 0x0000000707100000, 0x0000000707100000| Untracked 
|  92|0x0000000707200000, 0x0000000707200000, 0x0000000707300000|  0%| F|  |TAMS 0x0000000707200000, 0x0000000707200000| Untracked 
|  93|0x0000000707300000, 0x0000000707300000, 0x0000000707400000|  0%| F|  |TAMS 0x0000000707300000, 0x0000000707300000| Untracked 
|  94|0x0000000707400000, 0x0000000707400000, 0x0000000707500000|  0%| F|  |TAMS 0x0000000707400000, 0x0000000707400000| Untracked 
|  95|0x0000000707500000, 0x0000000707500000, 0x0000000707600000|  0%| F|  |TAMS 0x0000000707500000, 0x0000000707500000| Untracked 
|  96|0x0000000707600000, 0x0000000707600000, 0x0000000707700000|  0%| F|  |TAMS 0x0000000707600000, 0x0000000707600000| Untracked 
|  97|0x0000000707700000, 0x0000000707700000, 0x0000000707800000|  0%| F|  |TAMS 0x0000000707700000, 0x0000000707700000| Untracked 
|  98|0x0000000707800000, 0x0000000707800000, 0x0000000707900000|  0%| F|  |TAMS 0x0000000707800000, 0x0000000707800000| Untracked 
|  99|0x0000000707900000, 0x0000000707900000, 0x0000000707a00000|  0%| F|  |TAMS 0x0000000707900000, 0x0000000707900000| Untracked 
| 100|0x0000000707a00000, 0x0000000707a00000, 0x0000000707b00000|  0%| F|  |TAMS 0x0000000707a00000, 0x0000000707a00000| Untracked 
| 101|0x0000000707b00000, 0x0000000707b00000, 0x0000000707c00000|  0%| F|  |TAMS 0x0000000707b00000, 0x0000000707b00000| Untracked 
| 102|0x0000000707c00000, 0x0000000707c00000, 0x0000000707d00000|  0%| F|  |TAMS 0x0000000707c00000, 0x0000000707c00000| Untracked 
| 103|0x0000000707d00000, 0x0000000707d00000, 0x0000000707e00000|  0%| F|  |TAMS 0x0000000707d00000, 0x0000000707d00000| Untracked 
| 104|0x0000000707e00000, 0x0000000707e00000, 0x0000000707f00000|  0%| F|  |TAMS 0x0000000707e00000, 0x0000000707e00000| Untracked 
| 105|0x0000000707f00000, 0x0000000707f00000, 0x0000000708000000|  0%| F|  |TAMS 0x0000000707f00000, 0x0000000707f00000| Untracked 
| 106|0x0000000708000000, 0x0000000708000000, 0x0000000708100000|  0%| F|  |TAMS 0x0000000708000000, 0x0000000708000000| Untracked 
| 107|0x0000000708100000, 0x0000000708100000, 0x0000000708200000|  0%| F|  |TAMS 0x0000000708100000, 0x0000000708100000| Untracked 
| 108|0x0000000708200000, 0x0000000708200000, 0x0000000708300000|  0%| F|  |TAMS 0x0000000708200000, 0x0000000708200000| Untracked 
| 109|0x0000000708300000, 0x0000000708300000, 0x0000000708400000|  0%| F|  |TAMS 0x0000000708300000, 0x0000000708300000| Untracked 
| 110|0x0000000708400000, 0x0000000708400000, 0x0000000708500000|  0%| F|  |TAMS 0x0000000708400000, 0x0000000708400000| Untracked 
| 111|0x0000000708500000, 0x0000000708500000, 0x0000000708600000|  0%| F|  |TAMS 0x0000000708500000, 0x0000000708500000| Untracked 
| 112|0x0000000708600000, 0x0000000708600000, 0x0000000708700000|  0%| F|  |TAMS 0x0000000708600000, 0x0000000708600000| Untracked 
| 113|0x0000000708700000, 0x0000000708700000, 0x0000000708800000|  0%| F|  |TAMS 0x0000000708700000, 0x0000000708700000| Untracked 
| 114|0x0000000708800000, 0x0000000708800000, 0x0000000708900000|  0%| F|  |TAMS 0x0000000708800000, 0x0000000708800000| Untracked 
| 115|0x0000000708900000, 0x0000000708900000, 0x0000000708a00000|  0%| F|  |TAMS 0x0000000708900000, 0x0000000708900000| Untracked 
| 116|0x0000000708a00000, 0x0000000708a00000, 0x0000000708b00000|  0%| F|  |TAMS 0x0000000708a00000, 0x0000000708a00000| Untracked 
| 117|0x0000000708b00000, 0x0000000708b00000, 0x0000000708c00000|  0%| F|  |TAMS 0x0000000708b00000, 0x0000000708b00000| Untracked 
| 118|0x0000000708c00000, 0x0000000708c00000, 0x0000000708d00000|  0%| F|  |TAMS 0x0000000708c00000, 0x0000000708c00000| Untracked 
| 119|0x0000000708d00000, 0x0000000708d00000, 0x0000000708e00000|  0%| F|  |TAMS 0x0000000708d00000, 0x0000000708d00000| Untracked 
| 120|0x0000000708e00000, 0x0000000708e00000, 0x0000000708f00000|  0%| F|  |TAMS 0x0000000708e00000, 0x0000000708e00000| Untracked 
| 121|0x0000000708f00000, 0x0000000708f00000, 0x0000000709000000|  0%| F|  |TAMS 0x0000000708f00000, 0x0000000708f00000| Untracked 
| 122|0x0000000709000000, 0x0000000709000000, 0x0000000709100000|  0%| F|  |TAMS 0x0000000709000000, 0x0000000709000000| Untracked 
| 123|0x0000000709100000, 0x0000000709100000, 0x0000000709200000|  0%| F|  |TAMS 0x0000000709100000, 0x0000000709100000| Untracked 
| 124|0x0000000709200000, 0x0000000709200000, 0x0000000709300000|  0%| F|  |TAMS 0x0000000709200000, 0x0000000709200000| Untracked 
| 125|0x0000000709300000, 0x0000000709300000, 0x0000000709400000|  0%| F|  |TAMS 0x0000000709300000, 0x0000000709300000| Untracked 
| 126|0x0000000709400000, 0x0000000709400000, 0x0000000709500000|  0%| F|  |TAMS 0x0000000709400000, 0x0000000709400000| Untracked 
| 127|0x0000000709500000, 0x0000000709500000, 0x0000000709600000|  0%| F|  |TAMS 0x0000000709500000, 0x0000000709500000| Untracked 
| 128|0x0000000709600000, 0x0000000709600000, 0x0000000709700000|  0%| F|  |TAMS 0x0000000709600000, 0x0000000709600000| Untracked 
| 129|0x0000000709700000, 0x0000000709700000, 0x0000000709800000|  0%| F|  |TAMS 0x0000000709700000, 0x0000000709700000| Untracked 
| 130|0x0000000709800000, 0x0000000709800000, 0x0000000709900000|  0%| F|  |TAMS 0x0000000709800000, 0x0000000709800000| Untracked 
| 131|0x0000000709900000, 0x0000000709900000, 0x0000000709a00000|  0%| F|  |TAMS 0x0000000709900000, 0x0000000709900000| Untracked 
| 132|0x0000000709a00000, 0x0000000709a00000, 0x0000000709b00000|  0%| F|  |TAMS 0x0000000709a00000, 0x0000000709a00000| Untracked 
| 133|0x0000000709b00000, 0x0000000709b00000, 0x0000000709c00000|  0%| F|  |TAMS 0x0000000709b00000, 0x0000000709b00000| Untracked 
| 134|0x0000000709c00000, 0x0000000709c00000, 0x0000000709d00000|  0%| F|  |TAMS 0x0000000709c00000, 0x0000000709c00000| Untracked 
| 135|0x0000000709d00000, 0x0000000709d00000, 0x0000000709e00000|  0%| F|  |TAMS 0x0000000709d00000, 0x0000000709d00000| Untracked 
| 136|0x0000000709e00000, 0x0000000709e00000, 0x0000000709f00000|  0%| F|  |TAMS 0x0000000709e00000, 0x0000000709e00000| Untracked 
| 137|0x0000000709f00000, 0x0000000709f00000, 0x000000070a000000|  0%| F|  |TAMS 0x0000000709f00000, 0x0000000709f00000| Untracked 
| 138|0x000000070a000000, 0x000000070a000000, 0x000000070a100000|  0%| F|  |TAMS 0x000000070a000000, 0x000000070a000000| Untracked 
| 139|0x000000070a100000, 0x000000070a100000, 0x000000070a200000|  0%| F|  |TAMS 0x000000070a100000, 0x000000070a100000| Untracked 
| 140|0x000000070a200000, 0x000000070a200000, 0x000000070a300000|  0%| F|  |TAMS 0x000000070a200000, 0x000000070a200000| Untracked 
| 141|0x000000070a300000, 0x000000070a300000, 0x000000070a400000|  0%| F|  |TAMS 0x000000070a300000, 0x000000070a300000| Untracked 
| 142|0x000000070a400000, 0x000000070a400000, 0x000000070a500000|  0%| F|  |TAMS 0x000000070a400000, 0x000000070a400000| Untracked 
| 143|0x000000070a500000, 0x000000070a500000, 0x000000070a600000|  0%| F|  |TAMS 0x000000070a500000, 0x000000070a500000| Untracked 
| 144|0x000000070a600000, 0x000000070a600000, 0x000000070a700000|  0%| F|  |TAMS 0x000000070a600000, 0x000000070a600000| Untracked 
| 145|0x000000070a700000, 0x000000070a700000, 0x000000070a800000|  0%| F|  |TAMS 0x000000070a700000, 0x000000070a700000| Untracked 
| 146|0x000000070a800000, 0x000000070a800000, 0x000000070a900000|  0%| F|  |TAMS 0x000000070a800000, 0x000000070a800000| Untracked 
| 147|0x000000070a900000, 0x000000070a980a30, 0x000000070aa00000| 50%| S|CS|TAMS 0x000000070a900000, 0x000000070a900000| Complete 
| 148|0x000000070aa00000, 0x000000070ab00000, 0x000000070ab00000|100%| S|CS|TAMS 0x000000070aa00000, 0x000000070aa00000| Complete 
| 149|0x000000070ab00000, 0x000000070ac00000, 0x000000070ac00000|100%| S|CS|TAMS 0x000000070ab00000, 0x000000070ab00000| Complete 
| 150|0x000000070ac00000, 0x000000070ad00000, 0x000000070ad00000|100%| S|CS|TAMS 0x000000070ac00000, 0x000000070ac00000| Complete 
| 151|0x000000070ad00000, 0x000000070ae00000, 0x000000070ae00000|100%| S|CS|TAMS 0x000000070ad00000, 0x000000070ad00000| Complete 
| 152|0x000000070ae00000, 0x000000070af00000, 0x000000070af00000|100%| S|CS|TAMS 0x000000070ae00000, 0x000000070ae00000| Complete 
| 153|0x000000070af00000, 0x000000070b000000, 0x000000070b000000|100%| S|CS|TAMS 0x000000070af00000, 0x000000070af00000| Complete 
| 154|0x000000070b000000, 0x000000070b100000, 0x000000070b100000|100%| S|CS|TAMS 0x000000070b000000, 0x000000070b000000| Complete 
| 155|0x000000070b100000, 0x000000070b200000, 0x000000070b200000|100%| S|CS|TAMS 0x000000070b100000, 0x000000070b100000| Complete 
| 156|0x000000070b200000, 0x000000070b200000, 0x000000070b300000|  0%| F|  |TAMS 0x000000070b200000, 0x000000070b200000| Untracked 
| 157|0x000000070b300000, 0x000000070b300000, 0x000000070b400000|  0%| F|  |TAMS 0x000000070b300000, 0x000000070b300000| Untracked 
| 158|0x000000070b400000, 0x000000070b400000, 0x000000070b500000|  0%| F|  |TAMS 0x000000070b400000, 0x000000070b400000| Untracked 
| 159|0x000000070b500000, 0x000000070b500000, 0x000000070b600000|  0%| F|  |TAMS 0x000000070b500000, 0x000000070b500000| Untracked 
| 160|0x000000070b600000, 0x000000070b600000, 0x000000070b700000|  0%| F|  |TAMS 0x000000070b600000, 0x000000070b600000| Untracked 
| 161|0x000000070b700000, 0x000000070b700000, 0x000000070b800000|  0%| F|  |TAMS 0x000000070b700000, 0x000000070b700000| Untracked 
| 162|0x000000070b800000, 0x000000070b800000, 0x000000070b900000|  0%| F|  |TAMS 0x000000070b800000, 0x000000070b800000| Untracked 
| 163|0x000000070b900000, 0x000000070b900000, 0x000000070ba00000|  0%| F|  |TAMS 0x000000070b900000, 0x000000070b900000| Untracked 
| 164|0x000000070ba00000, 0x000000070ba00000, 0x000000070bb00000|  0%| F|  |TAMS 0x000000070ba00000, 0x000000070ba00000| Untracked 
| 165|0x000000070bb00000, 0x000000070bb00000, 0x000000070bc00000|  0%| F|  |TAMS 0x000000070bb00000, 0x000000070bb00000| Untracked 
| 166|0x000000070bc00000, 0x000000070bc00000, 0x000000070bd00000|  0%| F|  |TAMS 0x000000070bc00000, 0x000000070bc00000| Untracked 
| 167|0x000000070bd00000, 0x000000070bd00000, 0x000000070be00000|  0%| F|  |TAMS 0x000000070bd00000, 0x000000070bd00000| Untracked 
| 168|0x000000070be00000, 0x000000070be00000, 0x000000070bf00000|  0%| F|  |TAMS 0x000000070be00000, 0x000000070be00000| Untracked 
| 169|0x000000070bf00000, 0x000000070bf00000, 0x000000070c000000|  0%| F|  |TAMS 0x000000070bf00000, 0x000000070bf00000| Untracked 
| 170|0x000000070c000000, 0x000000070c000000, 0x000000070c100000|  0%| F|  |TAMS 0x000000070c000000, 0x000000070c000000| Untracked 
| 171|0x000000070c100000, 0x000000070c100000, 0x000000070c200000|  0%| F|  |TAMS 0x000000070c100000, 0x000000070c100000| Untracked 
| 172|0x000000070c200000, 0x000000070c200000, 0x000000070c300000|  0%| F|  |TAMS 0x000000070c200000, 0x000000070c200000| Untracked 
| 173|0x000000070c300000, 0x000000070c300000, 0x000000070c400000|  0%| F|  |TAMS 0x000000070c300000, 0x000000070c300000| Untracked 
| 174|0x000000070c400000, 0x000000070c400000, 0x000000070c500000|  0%| F|  |TAMS 0x000000070c400000, 0x000000070c400000| Untracked 
| 175|0x000000070c500000, 0x000000070c500000, 0x000000070c600000|  0%| F|  |TAMS 0x000000070c500000, 0x000000070c500000| Untracked 
| 176|0x000000070c600000, 0x000000070c600000, 0x000000070c700000|  0%| F|  |TAMS 0x000000070c600000, 0x000000070c600000| Untracked 
| 177|0x000000070c700000, 0x000000070c700000, 0x000000070c800000|  0%| F|  |TAMS 0x000000070c700000, 0x000000070c700000| Untracked 
| 178|0x000000070c800000, 0x000000070c800000, 0x000000070c900000|  0%| F|  |TAMS 0x000000070c800000, 0x000000070c800000| Untracked 
| 179|0x000000070c900000, 0x000000070c900000, 0x000000070ca00000|  0%| F|  |TAMS 0x000000070c900000, 0x000000070c900000| Untracked 
| 180|0x000000070ca00000, 0x000000070ca00000, 0x000000070cb00000|  0%| F|  |TAMS 0x000000070ca00000, 0x000000070ca00000| Untracked 
| 181|0x000000070cb00000, 0x000000070cb00000, 0x000000070cc00000|  0%| F|  |TAMS 0x000000070cb00000, 0x000000070cb00000| Untracked 
| 182|0x000000070cc00000, 0x000000070cc00000, 0x000000070cd00000|  0%| F|  |TAMS 0x000000070cc00000, 0x000000070cc00000| Untracked 
| 183|0x000000070cd00000, 0x000000070cd00000, 0x000000070ce00000|  0%| F|  |TAMS 0x000000070cd00000, 0x000000070cd00000| Untracked 
| 184|0x000000070ce00000, 0x000000070ce00000, 0x000000070cf00000|  0%| F|  |TAMS 0x000000070ce00000, 0x000000070ce00000| Untracked 
| 185|0x000000070cf00000, 0x000000070cf00000, 0x000000070d000000|  0%| F|  |TAMS 0x000000070cf00000, 0x000000070cf00000| Untracked 
| 186|0x000000070d000000, 0x000000070d000000, 0x000000070d100000|  0%| F|  |TAMS 0x000000070d000000, 0x000000070d000000| Untracked 
| 187|0x000000070d100000, 0x000000070d100000, 0x000000070d200000|  0%| F|  |TAMS 0x000000070d100000, 0x000000070d100000| Untracked 
| 188|0x000000070d200000, 0x000000070d200000, 0x000000070d300000|  0%| F|  |TAMS 0x000000070d200000, 0x000000070d200000| Untracked 
| 189|0x000000070d300000, 0x000000070d300000, 0x000000070d400000|  0%| F|  |TAMS 0x000000070d300000, 0x000000070d300000| Untracked 
| 190|0x000000070d400000, 0x000000070d400000, 0x000000070d500000|  0%| F|  |TAMS 0x000000070d400000, 0x000000070d400000| Untracked 
| 191|0x000000070d500000, 0x000000070d500000, 0x000000070d600000|  0%| F|  |TAMS 0x000000070d500000, 0x000000070d500000| Untracked 
| 192|0x000000070d600000, 0x000000070d600000, 0x000000070d700000|  0%| F|  |TAMS 0x000000070d600000, 0x000000070d600000| Untracked 
| 193|0x000000070d700000, 0x000000070d700000, 0x000000070d800000|  0%| F|  |TAMS 0x000000070d700000, 0x000000070d700000| Untracked 
| 194|0x000000070d800000, 0x000000070d800000, 0x000000070d900000|  0%| F|  |TAMS 0x000000070d800000, 0x000000070d800000| Untracked 
| 195|0x000000070d900000, 0x000000070d900000, 0x000000070da00000|  0%| F|  |TAMS 0x000000070d900000, 0x000000070d900000| Untracked 
| 196|0x000000070da00000, 0x000000070da00000, 0x000000070db00000|  0%| F|  |TAMS 0x000000070da00000, 0x000000070da00000| Untracked 
| 197|0x000000070db00000, 0x000000070db00000, 0x000000070dc00000|  0%| F|  |TAMS 0x000000070db00000, 0x000000070db00000| Untracked 
| 198|0x000000070dc00000, 0x000000070dc00000, 0x000000070dd00000|  0%| F|  |TAMS 0x000000070dc00000, 0x000000070dc00000| Untracked 
| 199|0x000000070dd00000, 0x000000070dd00000, 0x000000070de00000|  0%| F|  |TAMS 0x000000070dd00000, 0x000000070dd00000| Untracked 
| 200|0x000000070de00000, 0x000000070de00000, 0x000000070df00000|  0%| F|  |TAMS 0x000000070de00000, 0x000000070de00000| Untracked 
| 201|0x000000070df00000, 0x000000070df00000, 0x000000070e000000|  0%| F|  |TAMS 0x000000070df00000, 0x000000070df00000| Untracked 
| 202|0x000000070e000000, 0x000000070e000000, 0x000000070e100000|  0%| F|  |TAMS 0x000000070e000000, 0x000000070e000000| Untracked 
| 203|0x000000070e100000, 0x000000070e100000, 0x000000070e200000|  0%| F|  |TAMS 0x000000070e100000, 0x000000070e100000| Untracked 
| 204|0x000000070e200000, 0x000000070e200000, 0x000000070e300000|  0%| F|  |TAMS 0x000000070e200000, 0x000000070e200000| Untracked 
| 205|0x000000070e300000, 0x000000070e300000, 0x000000070e400000|  0%| F|  |TAMS 0x000000070e300000, 0x000000070e300000| Untracked 
| 206|0x000000070e400000, 0x000000070e400000, 0x000000070e500000|  0%| F|  |TAMS 0x000000070e400000, 0x000000070e400000| Untracked 
| 207|0x000000070e500000, 0x000000070e500000, 0x000000070e600000|  0%| F|  |TAMS 0x000000070e500000, 0x000000070e500000| Untracked 
| 208|0x000000070e600000, 0x000000070e600000, 0x000000070e700000|  0%| F|  |TAMS 0x000000070e600000, 0x000000070e600000| Untracked 
| 209|0x000000070e700000, 0x000000070e700000, 0x000000070e800000|  0%| F|  |TAMS 0x000000070e700000, 0x000000070e700000| Untracked 
| 210|0x000000070e800000, 0x000000070e800000, 0x000000070e900000|  0%| F|  |TAMS 0x000000070e800000, 0x000000070e800000| Untracked 
| 211|0x000000070e900000, 0x000000070e900000, 0x000000070ea00000|  0%| F|  |TAMS 0x000000070e900000, 0x000000070e900000| Untracked 
| 212|0x000000070ea00000, 0x000000070ea00000, 0x000000070eb00000|  0%| F|  |TAMS 0x000000070ea00000, 0x000000070ea00000| Untracked 
| 213|0x000000070eb00000, 0x000000070eb00000, 0x000000070ec00000|  0%| F|  |TAMS 0x000000070eb00000, 0x000000070eb00000| Untracked 
| 214|0x000000070ec00000, 0x000000070ec00000, 0x000000070ed00000|  0%| F|  |TAMS 0x000000070ec00000, 0x000000070ec00000| Untracked 
| 215|0x000000070ed00000, 0x000000070ed00000, 0x000000070ee00000|  0%| F|  |TAMS 0x000000070ed00000, 0x000000070ed00000| Untracked 
| 216|0x000000070ee00000, 0x000000070ee00000, 0x000000070ef00000|  0%| F|  |TAMS 0x000000070ee00000, 0x000000070ee00000| Untracked 
| 217|0x000000070ef00000, 0x000000070ef00000, 0x000000070f000000|  0%| F|  |TAMS 0x000000070ef00000, 0x000000070ef00000| Untracked 
| 218|0x000000070f000000, 0x000000070f000000, 0x000000070f100000|  0%| F|  |TAMS 0x000000070f000000, 0x000000070f000000| Untracked 
| 219|0x000000070f100000, 0x000000070f100000, 0x000000070f200000|  0%| F|  |TAMS 0x000000070f100000, 0x000000070f100000| Untracked 
| 220|0x000000070f200000, 0x000000070f200000, 0x000000070f300000|  0%| F|  |TAMS 0x000000070f200000, 0x000000070f200000| Untracked 
| 221|0x000000070f300000, 0x000000070f300000, 0x000000070f400000|  0%| F|  |TAMS 0x000000070f300000, 0x000000070f300000| Untracked 
| 222|0x000000070f400000, 0x000000070f400000, 0x000000070f500000|  0%| F|  |TAMS 0x000000070f400000, 0x000000070f400000| Untracked 
| 223|0x000000070f500000, 0x000000070f500000, 0x000000070f600000|  0%| F|  |TAMS 0x000000070f500000, 0x000000070f500000| Untracked 
| 224|0x000000070f600000, 0x000000070f600000, 0x000000070f700000|  0%| F|  |TAMS 0x000000070f600000, 0x000000070f600000| Untracked 
| 225|0x000000070f700000, 0x000000070f700000, 0x000000070f800000|  0%| F|  |TAMS 0x000000070f700000, 0x000000070f700000| Untracked 
| 226|0x000000070f800000, 0x000000070f800000, 0x000000070f900000|  0%| F|  |TAMS 0x000000070f800000, 0x000000070f800000| Untracked 
| 227|0x000000070f900000, 0x000000070f900000, 0x000000070fa00000|  0%| F|  |TAMS 0x000000070f900000, 0x000000070f900000| Untracked 
| 228|0x000000070fa00000, 0x000000070fa00000, 0x000000070fb00000|  0%| F|  |TAMS 0x000000070fa00000, 0x000000070fa00000| Untracked 
| 229|0x000000070fb00000, 0x000000070fb00000, 0x000000070fc00000|  0%| F|  |TAMS 0x000000070fb00000, 0x000000070fb00000| Untracked 
| 230|0x000000070fc00000, 0x000000070fc00000, 0x000000070fd00000|  0%| F|  |TAMS 0x000000070fc00000, 0x000000070fc00000| Untracked 
| 231|0x000000070fd00000, 0x000000070fd00000, 0x000000070fe00000|  0%| F|  |TAMS 0x000000070fd00000, 0x000000070fd00000| Untracked 
| 232|0x000000070fe00000, 0x000000070fe00000, 0x000000070ff00000|  0%| F|  |TAMS 0x000000070fe00000, 0x000000070fe00000| Untracked 
| 233|0x000000070ff00000, 0x000000070ff00000, 0x0000000710000000|  0%| F|  |TAMS 0x000000070ff00000, 0x000000070ff00000| Untracked 
| 234|0x0000000710000000, 0x0000000710000000, 0x0000000710100000|  0%| F|  |TAMS 0x0000000710000000, 0x0000000710000000| Untracked 
| 235|0x0000000710100000, 0x0000000710100000, 0x0000000710200000|  0%| F|  |TAMS 0x0000000710100000, 0x0000000710100000| Untracked 
| 236|0x0000000710200000, 0x0000000710200000, 0x0000000710300000|  0%| F|  |TAMS 0x0000000710200000, 0x0000000710200000| Untracked 
| 237|0x0000000710300000, 0x0000000710300000, 0x0000000710400000|  0%| F|  |TAMS 0x0000000710300000, 0x0000000710300000| Untracked 
| 238|0x0000000710400000, 0x0000000710400000, 0x0000000710500000|  0%| F|  |TAMS 0x0000000710400000, 0x0000000710400000| Untracked 
| 239|0x0000000710500000, 0x0000000710500000, 0x0000000710600000|  0%| F|  |TAMS 0x0000000710500000, 0x0000000710500000| Untracked 
| 240|0x0000000710600000, 0x0000000710600000, 0x0000000710700000|  0%| F|  |TAMS 0x0000000710600000, 0x0000000710600000| Untracked 
| 241|0x0000000710700000, 0x0000000710700000, 0x0000000710800000|  0%| F|  |TAMS 0x0000000710700000, 0x0000000710700000| Untracked 
| 242|0x0000000710800000, 0x0000000710800000, 0x0000000710900000|  0%| F|  |TAMS 0x0000000710800000, 0x0000000710800000| Untracked 
| 243|0x0000000710900000, 0x0000000710900000, 0x0000000710a00000|  0%| F|  |TAMS 0x0000000710900000, 0x0000000710900000| Untracked 
| 244|0x0000000710a00000, 0x0000000710a00000, 0x0000000710b00000|  0%| F|  |TAMS 0x0000000710a00000, 0x0000000710a00000| Untracked 
| 245|0x0000000710b00000, 0x0000000710b00000, 0x0000000710c00000|  0%| F|  |TAMS 0x0000000710b00000, 0x0000000710b00000| Untracked 
| 246|0x0000000710c00000, 0x0000000710c00000, 0x0000000710d00000|  0%| F|  |TAMS 0x0000000710c00000, 0x0000000710c00000| Untracked 
| 247|0x0000000710d00000, 0x0000000710d00000, 0x0000000710e00000|  0%| F|  |TAMS 0x0000000710d00000, 0x0000000710d00000| Untracked 
| 248|0x0000000710e00000, 0x0000000710e00000, 0x0000000710f00000|  0%| F|  |TAMS 0x0000000710e00000, 0x0000000710e00000| Untracked 
| 249|0x0000000710f00000, 0x0000000710f00000, 0x0000000711000000|  0%| F|  |TAMS 0x0000000710f00000, 0x0000000710f00000| Untracked 
| 250|0x0000000711000000, 0x0000000711000000, 0x0000000711100000|  0%| F|  |TAMS 0x0000000711000000, 0x0000000711000000| Untracked 
| 251|0x0000000711100000, 0x0000000711100000, 0x0000000711200000|  0%| F|  |TAMS 0x0000000711100000, 0x0000000711100000| Untracked 
| 252|0x0000000711200000, 0x0000000711200000, 0x0000000711300000|  0%| F|  |TAMS 0x0000000711200000, 0x0000000711200000| Untracked 
| 253|0x0000000711300000, 0x0000000711300000, 0x0000000711400000|  0%| F|  |TAMS 0x0000000711300000, 0x0000000711300000| Untracked 
| 254|0x0000000711400000, 0x0000000711400000, 0x0000000711500000|  0%| F|  |TAMS 0x0000000711400000, 0x0000000711400000| Untracked 
| 255|0x0000000711500000, 0x0000000711500000, 0x0000000711600000|  0%| F|  |TAMS 0x0000000711500000, 0x0000000711500000| Untracked 
| 256|0x0000000711600000, 0x0000000711600000, 0x0000000711700000|  0%| F|  |TAMS 0x0000000711600000, 0x0000000711600000| Untracked 
| 257|0x0000000711700000, 0x0000000711700000, 0x0000000711800000|  0%| F|  |TAMS 0x0000000711700000, 0x0000000711700000| Untracked 
| 258|0x0000000711800000, 0x0000000711800000, 0x0000000711900000|  0%| F|  |TAMS 0x0000000711800000, 0x0000000711800000| Untracked 
| 259|0x0000000711900000, 0x0000000711900000, 0x0000000711a00000|  0%| F|  |TAMS 0x0000000711900000, 0x0000000711900000| Untracked 
| 260|0x0000000711a00000, 0x0000000711a00000, 0x0000000711b00000|  0%| F|  |TAMS 0x0000000711a00000, 0x0000000711a00000| Untracked 
| 261|0x0000000711b00000, 0x0000000711b00000, 0x0000000711c00000|  0%| F|  |TAMS 0x0000000711b00000, 0x0000000711b00000| Untracked 
| 262|0x0000000711c00000, 0x0000000711c00000, 0x0000000711d00000|  0%| F|  |TAMS 0x0000000711c00000, 0x0000000711c00000| Untracked 
| 263|0x0000000711d00000, 0x0000000711d00000, 0x0000000711e00000|  0%| F|  |TAMS 0x0000000711d00000, 0x0000000711d00000| Untracked 
| 264|0x0000000711e00000, 0x0000000711e00000, 0x0000000711f00000|  0%| F|  |TAMS 0x0000000711e00000, 0x0000000711e00000| Untracked 
| 265|0x0000000711f00000, 0x0000000711f00000, 0x0000000712000000|  0%| F|  |TAMS 0x0000000711f00000, 0x0000000711f00000| Untracked 
| 266|0x0000000712000000, 0x0000000712000000, 0x0000000712100000|  0%| F|  |TAMS 0x0000000712000000, 0x0000000712000000| Untracked 
| 267|0x0000000712100000, 0x0000000712100000, 0x0000000712200000|  0%| F|  |TAMS 0x0000000712100000, 0x0000000712100000| Untracked 
| 268|0x0000000712200000, 0x0000000712200000, 0x0000000712300000|  0%| F|  |TAMS 0x0000000712200000, 0x0000000712200000| Untracked 
| 269|0x0000000712300000, 0x0000000712300000, 0x0000000712400000|  0%| F|  |TAMS 0x0000000712300000, 0x0000000712300000| Untracked 
| 270|0x0000000712400000, 0x0000000712400000, 0x0000000712500000|  0%| F|  |TAMS 0x0000000712400000, 0x0000000712400000| Untracked 
| 271|0x0000000712500000, 0x0000000712500000, 0x0000000712600000|  0%| F|  |TAMS 0x0000000712500000, 0x0000000712500000| Untracked 
| 272|0x0000000712600000, 0x0000000712600000, 0x0000000712700000|  0%| F|  |TAMS 0x0000000712600000, 0x0000000712600000| Untracked 
| 273|0x0000000712700000, 0x0000000712700000, 0x0000000712800000|  0%| F|  |TAMS 0x0000000712700000, 0x0000000712700000| Untracked 
| 274|0x0000000712800000, 0x0000000712800000, 0x0000000712900000|  0%| F|  |TAMS 0x0000000712800000, 0x0000000712800000| Untracked 
| 275|0x0000000712900000, 0x0000000712900000, 0x0000000712a00000|  0%| F|  |TAMS 0x0000000712900000, 0x0000000712900000| Untracked 
| 276|0x0000000712a00000, 0x0000000712a00000, 0x0000000712b00000|  0%| F|  |TAMS 0x0000000712a00000, 0x0000000712a00000| Untracked 
| 277|0x0000000712b00000, 0x0000000712b00000, 0x0000000712c00000|  0%| F|  |TAMS 0x0000000712b00000, 0x0000000712b00000| Untracked 
| 278|0x0000000712c00000, 0x0000000712c00000, 0x0000000712d00000|  0%| F|  |TAMS 0x0000000712c00000, 0x0000000712c00000| Untracked 
| 279|0x0000000712d00000, 0x0000000712d00000, 0x0000000712e00000|  0%| F|  |TAMS 0x0000000712d00000, 0x0000000712d00000| Untracked 
| 280|0x0000000712e00000, 0x0000000712e00000, 0x0000000712f00000|  0%| F|  |TAMS 0x0000000712e00000, 0x0000000712e00000| Untracked 
| 281|0x0000000712f00000, 0x0000000712f00000, 0x0000000713000000|  0%| F|  |TAMS 0x0000000712f00000, 0x0000000712f00000| Untracked 
| 282|0x0000000713000000, 0x0000000713000000, 0x0000000713100000|  0%| F|  |TAMS 0x0000000713000000, 0x0000000713000000| Untracked 
| 283|0x0000000713100000, 0x0000000713100000, 0x0000000713200000|  0%| F|  |TAMS 0x0000000713100000, 0x0000000713100000| Untracked 
| 284|0x0000000713200000, 0x0000000713200000, 0x0000000713300000|  0%| F|  |TAMS 0x0000000713200000, 0x0000000713200000| Untracked 
| 285|0x0000000713300000, 0x0000000713300000, 0x0000000713400000|  0%| F|  |TAMS 0x0000000713300000, 0x0000000713300000| Untracked 
| 286|0x0000000713400000, 0x0000000713400000, 0x0000000713500000|  0%| F|  |TAMS 0x0000000713400000, 0x0000000713400000| Untracked 
| 287|0x0000000713500000, 0x0000000713500000, 0x0000000713600000|  0%| F|  |TAMS 0x0000000713500000, 0x0000000713500000| Untracked 
| 288|0x0000000713600000, 0x0000000713600000, 0x0000000713700000|  0%| F|  |TAMS 0x0000000713600000, 0x0000000713600000| Untracked 
| 289|0x0000000713700000, 0x0000000713700000, 0x0000000713800000|  0%| F|  |TAMS 0x0000000713700000, 0x0000000713700000| Untracked 
| 290|0x0000000713800000, 0x0000000713800000, 0x0000000713900000|  0%| F|  |TAMS 0x0000000713800000, 0x0000000713800000| Untracked 
| 291|0x0000000713900000, 0x0000000713900000, 0x0000000713a00000|  0%| F|  |TAMS 0x0000000713900000, 0x0000000713900000| Untracked 
| 292|0x0000000713a00000, 0x0000000713a00000, 0x0000000713b00000|  0%| F|  |TAMS 0x0000000713a00000, 0x0000000713a00000| Untracked 
| 293|0x0000000713b00000, 0x0000000713b00000, 0x0000000713c00000|  0%| F|  |TAMS 0x0000000713b00000, 0x0000000713b00000| Untracked 
| 294|0x0000000713c00000, 0x0000000713c00000, 0x0000000713d00000|  0%| F|  |TAMS 0x0000000713c00000, 0x0000000713c00000| Untracked 
| 295|0x0000000713d00000, 0x0000000713d00000, 0x0000000713e00000|  0%| F|  |TAMS 0x0000000713d00000, 0x0000000713d00000| Untracked 
| 296|0x0000000713e00000, 0x0000000713e00000, 0x0000000713f00000|  0%| F|  |TAMS 0x0000000713e00000, 0x0000000713e00000| Untracked 
| 297|0x0000000713f00000, 0x0000000713f00000, 0x0000000714000000|  0%| F|  |TAMS 0x0000000713f00000, 0x0000000713f00000| Untracked 
| 298|0x0000000714000000, 0x0000000714000000, 0x0000000714100000|  0%| F|  |TAMS 0x0000000714000000, 0x0000000714000000| Untracked 
| 299|0x0000000714100000, 0x0000000714100000, 0x0000000714200000|  0%| F|  |TAMS 0x0000000714100000, 0x0000000714100000| Untracked 
| 300|0x0000000714200000, 0x0000000714200000, 0x0000000714300000|  0%| F|  |TAMS 0x0000000714200000, 0x0000000714200000| Untracked 
| 301|0x0000000714300000, 0x0000000714300000, 0x0000000714400000|  0%| F|  |TAMS 0x0000000714300000, 0x0000000714300000| Untracked 
| 302|0x0000000714400000, 0x0000000714400000, 0x0000000714500000|  0%| F|  |TAMS 0x0000000714400000, 0x0000000714400000| Untracked 
| 303|0x0000000714500000, 0x0000000714500000, 0x0000000714600000|  0%| F|  |TAMS 0x0000000714500000, 0x0000000714500000| Untracked 
| 304|0x0000000714600000, 0x0000000714600000, 0x0000000714700000|  0%| F|  |TAMS 0x0000000714600000, 0x0000000714600000| Untracked 
| 305|0x0000000714700000, 0x0000000714700000, 0x0000000714800000|  0%| F|  |TAMS 0x0000000714700000, 0x0000000714700000| Untracked 
| 306|0x0000000714800000, 0x0000000714800000, 0x0000000714900000|  0%| F|  |TAMS 0x0000000714800000, 0x0000000714800000| Untracked 
| 307|0x0000000714900000, 0x0000000714900000, 0x0000000714a00000|  0%| F|  |TAMS 0x0000000714900000, 0x0000000714900000| Untracked 
| 308|0x0000000714a00000, 0x0000000714a00000, 0x0000000714b00000|  0%| F|  |TAMS 0x0000000714a00000, 0x0000000714a00000| Untracked 
| 309|0x0000000714b00000, 0x0000000714b00000, 0x0000000714c00000|  0%| F|  |TAMS 0x0000000714b00000, 0x0000000714b00000| Untracked 
| 310|0x0000000714c00000, 0x0000000714c00000, 0x0000000714d00000|  0%| F|  |TAMS 0x0000000714c00000, 0x0000000714c00000| Untracked 
| 311|0x0000000714d00000, 0x0000000714d00000, 0x0000000714e00000|  0%| F|  |TAMS 0x0000000714d00000, 0x0000000714d00000| Untracked 
| 312|0x0000000714e00000, 0x0000000714e00000, 0x0000000714f00000|  0%| F|  |TAMS 0x0000000714e00000, 0x0000000714e00000| Untracked 
| 313|0x0000000714f00000, 0x0000000714f00000, 0x0000000715000000|  0%| F|  |TAMS 0x0000000714f00000, 0x0000000714f00000| Untracked 
| 314|0x0000000715000000, 0x0000000715000000, 0x0000000715100000|  0%| F|  |TAMS 0x0000000715000000, 0x0000000715000000| Untracked 
| 315|0x0000000715100000, 0x0000000715100000, 0x0000000715200000|  0%| F|  |TAMS 0x0000000715100000, 0x0000000715100000| Untracked 
| 316|0x0000000715200000, 0x0000000715200000, 0x0000000715300000|  0%| F|  |TAMS 0x0000000715200000, 0x0000000715200000| Untracked 
| 317|0x0000000715300000, 0x0000000715300000, 0x0000000715400000|  0%| F|  |TAMS 0x0000000715300000, 0x0000000715300000| Untracked 
| 318|0x0000000715400000, 0x0000000715400000, 0x0000000715500000|  0%| F|  |TAMS 0x0000000715400000, 0x0000000715400000| Untracked 
| 319|0x0000000715500000, 0x0000000715500000, 0x0000000715600000|  0%| F|  |TAMS 0x0000000715500000, 0x0000000715500000| Untracked 
| 320|0x0000000715600000, 0x0000000715600000, 0x0000000715700000|  0%| F|  |TAMS 0x0000000715600000, 0x0000000715600000| Untracked 
| 321|0x0000000715700000, 0x0000000715700000, 0x0000000715800000|  0%| F|  |TAMS 0x0000000715700000, 0x0000000715700000| Untracked 
| 322|0x0000000715800000, 0x0000000715800000, 0x0000000715900000|  0%| F|  |TAMS 0x0000000715800000, 0x0000000715800000| Untracked 
| 323|0x0000000715900000, 0x000000071599d460, 0x0000000715a00000| 61%| E|  |TAMS 0x0000000715900000, 0x0000000715900000| Complete 
| 324|0x0000000715a00000, 0x0000000715b00000, 0x0000000715b00000|100%| E|CS|TAMS 0x0000000715a00000, 0x0000000715a00000| Complete 
| 325|0x0000000715b00000, 0x0000000715c00000, 0x0000000715c00000|100%| E|CS|TAMS 0x0000000715b00000, 0x0000000715b00000| Complete 
| 326|0x0000000715c00000, 0x0000000715d00000, 0x0000000715d00000|100%| E|CS|TAMS 0x0000000715c00000, 0x0000000715c00000| Complete 
| 327|0x0000000715d00000, 0x0000000715e00000, 0x0000000715e00000|100%| E|CS|TAMS 0x0000000715d00000, 0x0000000715d00000| Complete 
| 328|0x0000000715e00000, 0x0000000715f00000, 0x0000000715f00000|100%| E|CS|TAMS 0x0000000715e00000, 0x0000000715e00000| Complete 
| 329|0x0000000715f00000, 0x0000000716000000, 0x0000000716000000|100%| E|CS|TAMS 0x0000000715f00000, 0x0000000715f00000| Complete 
| 330|0x0000000716000000, 0x0000000716100000, 0x0000000716100000|100%| E|CS|TAMS 0x0000000716000000, 0x0000000716000000| Complete 
| 331|0x0000000716100000, 0x0000000716200000, 0x0000000716200000|100%| E|  |TAMS 0x0000000716100000, 0x0000000716100000| Complete 
| 332|0x0000000716200000, 0x0000000716300000, 0x0000000716300000|100%| E|CS|TAMS 0x0000000716200000, 0x0000000716200000| Complete 
| 333|0x0000000716300000, 0x0000000716400000, 0x0000000716400000|100%| E|CS|TAMS 0x0000000716300000, 0x0000000716300000| Complete 
| 334|0x0000000716400000, 0x0000000716500000, 0x0000000716500000|100%| E|CS|TAMS 0x0000000716400000, 0x0000000716400000| Complete 
| 335|0x0000000716500000, 0x0000000716600000, 0x0000000716600000|100%| E|CS|TAMS 0x0000000716500000, 0x0000000716500000| Complete 
| 336|0x0000000716600000, 0x0000000716700000, 0x0000000716700000|100%| E|CS|TAMS 0x0000000716600000, 0x0000000716600000| Complete 
| 337|0x0000000716700000, 0x0000000716800000, 0x0000000716800000|100%| E|CS|TAMS 0x0000000716700000, 0x0000000716700000| Complete 
| 338|0x0000000716800000, 0x0000000716900000, 0x0000000716900000|100%| E|CS|TAMS 0x0000000716800000, 0x0000000716800000| Complete 
| 339|0x0000000716900000, 0x0000000716a00000, 0x0000000716a00000|100%| E|CS|TAMS 0x0000000716900000, 0x0000000716900000| Complete 
| 340|0x0000000716a00000, 0x0000000716b00000, 0x0000000716b00000|100%| E|CS|TAMS 0x0000000716a00000, 0x0000000716a00000| Complete 
| 341|0x0000000716b00000, 0x0000000716c00000, 0x0000000716c00000|100%| E|CS|TAMS 0x0000000716b00000, 0x0000000716b00000| Complete 
| 342|0x0000000716c00000, 0x0000000716d00000, 0x0000000716d00000|100%| E|CS|TAMS 0x0000000716c00000, 0x0000000716c00000| Complete 
| 343|0x0000000716d00000, 0x0000000716e00000, 0x0000000716e00000|100%| E|CS|TAMS 0x0000000716d00000, 0x0000000716d00000| Complete 
| 344|0x0000000716e00000, 0x0000000716f00000, 0x0000000716f00000|100%| E|CS|TAMS 0x0000000716e00000, 0x0000000716e00000| Complete 
| 345|0x0000000716f00000, 0x0000000717000000, 0x0000000717000000|100%| E|CS|TAMS 0x0000000716f00000, 0x0000000716f00000| Complete 
| 346|0x0000000717000000, 0x0000000717100000, 0x0000000717100000|100%| E|CS|TAMS 0x0000000717000000, 0x0000000717000000| Complete 
| 347|0x0000000717100000, 0x0000000717200000, 0x0000000717200000|100%| E|CS|TAMS 0x0000000717100000, 0x0000000717100000| Complete 
| 348|0x0000000717200000, 0x0000000717300000, 0x0000000717300000|100%| E|CS|TAMS 0x0000000717200000, 0x0000000717200000| Complete 
| 349|0x0000000717300000, 0x0000000717400000, 0x0000000717400000|100%| E|CS|TAMS 0x0000000717300000, 0x0000000717300000| Complete 
| 350|0x0000000717400000, 0x0000000717500000, 0x0000000717500000|100%| E|CS|TAMS 0x0000000717400000, 0x0000000717400000| Complete 
| 351|0x0000000717500000, 0x0000000717600000, 0x0000000717600000|100%| E|CS|TAMS 0x0000000717500000, 0x0000000717500000| Complete 
| 352|0x0000000717600000, 0x0000000717700000, 0x0000000717700000|100%| E|CS|TAMS 0x0000000717600000, 0x0000000717600000| Complete 
| 353|0x0000000717700000, 0x0000000717800000, 0x0000000717800000|100%| E|CS|TAMS 0x0000000717700000, 0x0000000717700000| Complete 
| 354|0x0000000717800000, 0x0000000717900000, 0x0000000717900000|100%| E|CS|TAMS 0x0000000717800000, 0x0000000717800000| Complete 
| 355|0x0000000717900000, 0x0000000717a00000, 0x0000000717a00000|100%| E|CS|TAMS 0x0000000717900000, 0x0000000717900000| Complete 
| 356|0x0000000717a00000, 0x0000000717b00000, 0x0000000717b00000|100%| E|CS|TAMS 0x0000000717a00000, 0x0000000717a00000| Complete 
| 357|0x0000000717b00000, 0x0000000717c00000, 0x0000000717c00000|100%| E|CS|TAMS 0x0000000717b00000, 0x0000000717b00000| Complete 
| 358|0x0000000717c00000, 0x0000000717d00000, 0x0000000717d00000|100%| E|CS|TAMS 0x0000000717c00000, 0x0000000717c00000| Complete 
| 359|0x0000000717d00000, 0x0000000717e00000, 0x0000000717e00000|100%| E|CS|TAMS 0x0000000717d00000, 0x0000000717d00000| Complete 
| 360|0x0000000717e00000, 0x0000000717f00000, 0x0000000717f00000|100%| E|CS|TAMS 0x0000000717e00000, 0x0000000717e00000| Complete 
| 361|0x0000000717f00000, 0x0000000718000000, 0x0000000718000000|100%| E|CS|TAMS 0x0000000717f00000, 0x0000000717f00000| Complete 
| 362|0x0000000718000000, 0x0000000718100000, 0x0000000718100000|100%| E|CS|TAMS 0x0000000718000000, 0x0000000718000000| Complete 
| 363|0x0000000718100000, 0x0000000718200000, 0x0000000718200000|100%| E|CS|TAMS 0x0000000718100000, 0x0000000718100000| Complete 
| 364|0x0000000718200000, 0x0000000718300000, 0x0000000718300000|100%| E|CS|TAMS 0x0000000718200000, 0x0000000718200000| Complete 
| 365|0x0000000718300000, 0x0000000718400000, 0x0000000718400000|100%| E|CS|TAMS 0x0000000718300000, 0x0000000718300000| Complete 
| 366|0x0000000718400000, 0x0000000718500000, 0x0000000718500000|100%| E|CS|TAMS 0x0000000718400000, 0x0000000718400000| Complete 
| 367|0x0000000718500000, 0x0000000718600000, 0x0000000718600000|100%| E|CS|TAMS 0x0000000718500000, 0x0000000718500000| Complete 
| 368|0x0000000718600000, 0x0000000718700000, 0x0000000718700000|100%| E|CS|TAMS 0x0000000718600000, 0x0000000718600000| Complete 
| 369|0x0000000718700000, 0x0000000718800000, 0x0000000718800000|100%| E|CS|TAMS 0x0000000718700000, 0x0000000718700000| Complete 
| 370|0x0000000718800000, 0x0000000718900000, 0x0000000718900000|100%| E|CS|TAMS 0x0000000718800000, 0x0000000718800000| Complete 
| 371|0x0000000718900000, 0x0000000718a00000, 0x0000000718a00000|100%| E|CS|TAMS 0x0000000718900000, 0x0000000718900000| Complete 
| 372|0x0000000718a00000, 0x0000000718b00000, 0x0000000718b00000|100%| E|CS|TAMS 0x0000000718a00000, 0x0000000718a00000| Complete 
| 373|0x0000000718b00000, 0x0000000718c00000, 0x0000000718c00000|100%| E|CS|TAMS 0x0000000718b00000, 0x0000000718b00000| Complete 
| 374|0x0000000718c00000, 0x0000000718d00000, 0x0000000718d00000|100%| E|CS|TAMS 0x0000000718c00000, 0x0000000718c00000| Complete 
| 375|0x0000000718d00000, 0x0000000718e00000, 0x0000000718e00000|100%| E|CS|TAMS 0x0000000718d00000, 0x0000000718d00000| Complete 
| 376|0x0000000718e00000, 0x0000000718f00000, 0x0000000718f00000|100%| E|CS|TAMS 0x0000000718e00000, 0x0000000718e00000| Complete 
| 377|0x0000000718f00000, 0x0000000719000000, 0x0000000719000000|100%| E|CS|TAMS 0x0000000718f00000, 0x0000000718f00000| Complete 
| 378|0x0000000719000000, 0x0000000719100000, 0x0000000719100000|100%| E|CS|TAMS 0x0000000719000000, 0x0000000719000000| Complete 
| 379|0x0000000719100000, 0x0000000719200000, 0x0000000719200000|100%| E|CS|TAMS 0x0000000719100000, 0x0000000719100000| Complete 
| 380|0x0000000719200000, 0x0000000719300000, 0x0000000719300000|100%| E|CS|TAMS 0x0000000719200000, 0x0000000719200000| Complete 
| 381|0x0000000719300000, 0x0000000719400000, 0x0000000719400000|100%| E|CS|TAMS 0x0000000719300000, 0x0000000719300000| Complete 
| 382|0x0000000719400000, 0x0000000719500000, 0x0000000719500000|100%| E|CS|TAMS 0x0000000719400000, 0x0000000719400000| Complete 
| 383|0x0000000719500000, 0x0000000719600000, 0x0000000719600000|100%| E|CS|TAMS 0x0000000719500000, 0x0000000719500000| Complete 
| 384|0x0000000719600000, 0x0000000719700000, 0x0000000719700000|100%| E|CS|TAMS 0x0000000719600000, 0x0000000719600000| Complete 
| 385|0x0000000719700000, 0x0000000719800000, 0x0000000719800000|100%| E|CS|TAMS 0x0000000719700000, 0x0000000719700000| Complete 
| 386|0x0000000719800000, 0x0000000719900000, 0x0000000719900000|100%| E|CS|TAMS 0x0000000719800000, 0x0000000719800000| Complete 
| 387|0x0000000719900000, 0x0000000719a00000, 0x0000000719a00000|100%| E|CS|TAMS 0x0000000719900000, 0x0000000719900000| Complete 
| 388|0x0000000719a00000, 0x0000000719b00000, 0x0000000719b00000|100%| E|CS|TAMS 0x0000000719a00000, 0x0000000719a00000| Complete 

Card table byte_map: [0x000000001a9f0000,0x000000001b1f0000] _byte_map_base: 0x00000000171e5000

Marking Bits (Prev, Next): (CMBitMap*) 0x0000000002e9e5d0, (CMBitMap*) 0x0000000002e9e598
 Prev Bits: [0x000000001f9a0000, 0x0000000023948000)
 Next Bits: [0x000000001b9f0000, 0x000000001f998000)

Polling page: 0x0000000000080000

Metaspace:

Usage:
  Non-class:     68.53 MB capacity,    66.24 MB ( 97%) used,     1.85 MB (  3%) free+waste,   439.56 KB ( <1%) overhead. 
      Class:     10.86 MB capacity,     9.40 MB ( 87%) used,     1.26 MB ( 12%) free+waste,   205.56 KB (  2%) overhead. 
       Both:     79.38 MB capacity,    75.64 MB ( 95%) used,     3.11 MB (  4%) free+waste,   645.13 KB ( <1%) overhead. 

Virtual space:
  Non-class space:       70.00 MB reserved,      68.66 MB ( 98%) committed 
      Class space:        1.00 GB reserved,      10.87 MB (  1%) committed 
             Both:        1.07 GB reserved,      79.53 MB (  7%) committed 

Chunk freelists:
   Non-Class:  640 bytes
       Class:  0 bytes
        Both:  640 bytes

CodeHeap 'non-profiled nmethods': size=120064Kb used=15581Kb max_used=15581Kb free=104482Kb
 bounds [0x0000000012ba0000, 0x0000000013ae0000, 0x000000001a0e0000]
CodeHeap 'profiled nmethods': size=120000Kb used=29610Kb max_used=33150Kb free=90389Kb
 bounds [0x000000000b670000, 0x000000000d750000, 0x0000000012ba0000]
CodeHeap 'non-nmethods': size=5696Kb used=1610Kb max_used=1676Kb free=4085Kb
 bounds [0x000000000b0e0000, 0x000000000b350000, 0x000000000b670000]
 total_blobs=28909 nmethods=15061 adapters=1058
 compilation: enabled
              stopped_count=0, restarted_count=0
 full_count=0

Compilation events (10 events):
Event: 2093.856 Thread 0x00000000270b3000 20263       4       com.sun.javafx.sg.prism.NGRegion::renderAsRectangle (31 bytes)
Event: 2093.856 Thread 0x000000002710e800 20264       3       com.sun.javafx.sg.prism.NGRegion::renderContent (115 bytes)
Event: 2093.858 Thread 0x000000002710e800 nmethod 20264 0x000000000c9bdd90 code [0x000000000c9be140, 0x000000000c9bfb10]
Event: 2093.860 Thread 0x00000000270b3000 nmethod 20263 0x0000000013ad9c90 code [0x0000000013ad9e60, 0x0000000013ada058]
Event: 2093.868 Thread 0x000000002710e800 20265       3       bluej.pkgmgr.target.Target$$Lambda$478/0x000000080057d040::handle (16 bytes)
Event: 2093.868 Thread 0x000000002710e800 nmethod 20265 0x000000000c8a7790 code [0x000000000c8a79a0, 0x000000000c8a8370]
Event: 2093.868 Thread 0x000000002710e800 20266       3       bluej.pkgmgr.target.Target::lambda$new$2 (15 bytes)
Event: 2093.868 Thread 0x000000002710e800 nmethod 20266 0x000000000c7c1c90 code [0x000000000c7c1e80, 0x000000000c7c26f0]
Event: 2093.868 Thread 0x000000002710e800 20267       3       bluej.pkgmgr.PackageEditor::setMouseIn (30 bytes)
Event: 2093.869 Thread 0x000000002710e800 nmethod 20267 0x000000000c544190 code [0x000000000c544360, 0x000000000c5447d8]

GC Heap History (10 events):
Event: 1935.883 GC heap before
{Heap before GC invocations=34 (full 0):
 garbage-first heap   total 398336K, used 322934K [0x0000000701600000, 0x0000000800000000)
  region size 1024K, 233 young (238592K), 8 survivors (8192K)
 Metaspace       used 77434K, capacity 81289K, committed 81436K, reserved 1120256K
  class space    used 9622K, capacity 11119K, committed 11132K, reserved 1048576K
}
Event: 1935.888 GC heap after
{Heap after GC invocations=35 (full 0):
 garbage-first heap   total 398336K, used 91196K [0x0000000701600000, 0x0000000800000000)
  region size 1024K, 6 young (6144K), 6 survivors (6144K)
 Metaspace       used 77434K, capacity 81289K, committed 81436K, reserved 1120256K
  class space    used 9622K, capacity 11119K, committed 11132K, reserved 1048576K
}
Event: 1938.709 GC heap before
{Heap before GC invocations=35 (full 0):
 garbage-first heap   total 398336K, used 322620K [0x0000000701600000, 0x0000000800000000)
  region size 1024K, 233 young (238592K), 6 survivors (6144K)
 Metaspace       used 77436K, capacity 81289K, committed 81436K, reserved 1120256K
  class space    used 9623K, capacity 11119K, committed 11132K, reserved 1048576K
}
Event: 1938.714 GC heap after
{Heap after GC invocations=36 (full 0):
 garbage-first heap   total 398336K, used 92226K [0x0000000701600000, 0x0000000800000000)
  region size 1024K, 7 young (7168K), 7 survivors (7168K)
 Metaspace       used 77436K, capacity 81289K, committed 81436K, reserved 1120256K
  class space    used 9623K, capacity 11119K, committed 11132K, reserved 1048576K
}
Event: 1952.816 GC heap before
{Heap before GC invocations=36 (full 0):
 garbage-first heap   total 398336K, used 322626K [0x0000000701600000, 0x0000000800000000)
  region size 1024K, 233 young (238592K), 7 survivors (7168K)
 Metaspace       used 77437K, capacity 81289K, committed 81436K, reserved 1120256K
  class space    used 9623K, capacity 11119K, committed 11132K, reserved 1048576K
}
Event: 1952.822 GC heap after
{Heap after GC invocations=37 (full 0):
 garbage-first heap   total 398336K, used 94429K [0x0000000701600000, 0x0000000800000000)
  region size 1024K, 9 young (9216K), 9 survivors (9216K)
 Metaspace       used 77437K, capacity 81289K, committed 81436K, reserved 1120256K
  class space    used 9623K, capacity 11119K, committed 11132K, reserved 1048576K
}
Event: 2059.222 GC heap before
{Heap before GC invocations=37 (full 0):
 garbage-first heap   total 398336K, used 322781K [0x0000000701600000, 0x0000000800000000)
  region size 1024K, 233 young (238592K), 9 survivors (9216K)
 Metaspace       used 77440K, capacity 81289K, committed 81436K, reserved 1120256K
  class space    used 9623K, capacity 11119K, committed 11132K, reserved 1048576K
}
Event: 2059.230 GC heap after
{Heap after GC invocations=38 (full 0):
 garbage-first heap   total 398336K, used 92534K [0x0000000701600000, 0x0000000800000000)
  region size 1024K, 7 young (7168K), 7 survivors (7168K)
 Metaspace       used 77440K, capacity 81289K, committed 81436K, reserved 1120256K
  class space    used 9623K, capacity 11119K, committed 11132K, reserved 1048576K
}
Event: 2078.844 GC heap before
{Heap before GC invocations=38 (full 0):
 garbage-first heap   total 398336K, used 323958K [0x0000000701600000, 0x0000000800000000)
  region size 1024K, 233 young (238592K), 7 survivors (7168K)
 Metaspace       used 77445K, capacity 81289K, committed 81436K, reserved 1120256K
  class space    used 9623K, capacity 11119K, committed 11132K, reserved 1048576K
}
Event: 2078.849 GC heap after
{Heap after GC invocations=39 (full 0):
 garbage-first heap   total 398336K, used 94073K [0x0000000701600000, 0x0000000800000000)
  region size 1024K, 9 young (9216K), 9 survivors (9216K)
 Metaspace       used 77445K, capacity 81289K, committed 81436K, reserved 1120256K
  class space    used 9623K, capacity 11119K, committed 11132K, reserved 1048576K
}

Deoptimization events (10 events):
Event: 2091.107 Thread 0x0000000028df1000 Uncommon trap: reason=unstable_if action=reinterpret pc=0x00000000134bb978 method=javafx.scene.shape.Rectangle.setX(D)V @ 4 c2
Event: 2091.749 Thread 0x0000000028df1000 Uncommon trap: reason=unstable_if action=reinterpret pc=0x0000000013679f1c method=com.sun.glass.ui.View.notifyMouse(IIIIIIIZZ)V @ 70 c2
Event: 2093.215 Thread 0x0000000028cf8000 Uncommon trap: reason=unstable_if action=reinterpret pc=0x0000000013a9dac8 method=com.sun.prism.impl.ps.CachingShapeRepState.render(Lcom/sun/prism/Graphics;Lcom/sun/javafx/geom/Shape;Lcom/sun/javafx/geom/RectBounds;Lcom/sun/prism/BasicStroke;)V @ 173 c2
Event: 2093.215 Thread 0x0000000028cf8000 Uncommon trap: reason=class_check action=maybe_recompile pc=0x00000000138de594 method=com.sun.prism.impl.shape.DMarlinPrismUtils.feedConsumer(Lcom/sun/marlin/DRendererContext;Lcom/sun/javafx/geom/Path2D;Lcom/sun/javafx/geom/transform/BaseTransform;Lcom/su
Event: 2093.215 Thread 0x0000000028cf8000 Uncommon trap: reason=unstable_if action=reinterpret pc=0x0000000012fdef80 method=com.sun.marlin.DRenderer._endRendering(IILcom/sun/marlin/MarlinAlphaConsumer;)V @ 2015 c2
Event: 2093.216 Thread 0x0000000028cf8000 Uncommon trap: reason=unstable_if action=reinterpret pc=0x0000000012fcdb40 method=com.sun.marlin.MaskMarlinAlphaConsumer.setAndClearRelativeAlphas([IIII)V @ 81 c2
Event: 2093.216 Thread 0x0000000028cf8000 Uncommon trap: reason=unstable_if action=reinterpret pc=0x0000000012f503fc method=com.sun.marlin.MaskMarlinAlphaConsumer.setAndClearRelativeAlphas([IIII)V @ 81 c2
Event: 2093.217 Thread 0x0000000028cf8000 Uncommon trap: reason=unstable_if action=reinterpret pc=0x00000000138493b0 method=com.sun.scenario.effect.impl.prism.ps.PPSRenderer.isImageDataCompatible(Lcom/sun/scenario/effect/ImageData;)Z @ 28 c2
Event: 2093.217 Thread 0x0000000028cf8000 Uncommon trap: reason=unstable_if action=reinterpret pc=0x00000000132079c0 method=com.sun.javafx.sg.prism.NGRegion.renderContent(Lcom/sun/prism/Graphics;)V @ 101 c2
Event: 2093.220 Thread 0x0000000028cf8000 Uncommon trap: reason=class_check action=maybe_recompile pc=0x00000000138de79c method=com.sun.prism.impl.shape.DMarlinPrismUtils.feedConsumer(Lcom/sun/marlin/DRendererContext;Lcom/sun/javafx/geom/Path2D;Lcom/sun/javafx/geom/transform/BaseTransform;Lcom/su

Classes redefined (0 events):
No events

Internal exceptions (10 events):
Event: 2092.575 Thread 0x00000000398eb000 Exception <a 'sun/nio/fs/WindowsException'{0x0000000715b115b8}> (0x0000000715b115b8) thrown at [t:/workspace/open/src/hotspot/share/prims/jni.cpp, line 615]
Event: 2092.575 Thread 0x00000000398eb000 Exception <a 'sun/nio/fs/WindowsException'{0x0000000715b11848}> (0x0000000715b11848) thrown at [t:/workspace/open/src/hotspot/share/prims/jni.cpp, line 615]
Event: 2092.577 Thread 0x00000000398eb000 Exception <a 'sun/nio/fs/WindowsException'{0x0000000715b12c18}> (0x0000000715b12c18) thrown at [t:/workspace/open/src/hotspot/share/prims/jni.cpp, line 615]
Event: 2092.578 Thread 0x00000000398eb000 Exception <a 'sun/nio/fs/WindowsException'{0x0000000715b13540}> (0x0000000715b13540) thrown at [t:/workspace/open/src/hotspot/share/prims/jni.cpp, line 615]
Event: 2092.578 Thread 0x00000000398eb000 Exception <a 'sun/nio/fs/WindowsException'{0x0000000715b13840}> (0x0000000715b13840) thrown at [t:/workspace/open/src/hotspot/share/prims/jni.cpp, line 615]
Event: 2093.215 Thread 0x0000000028cf8000 Implicit null exception at 0x0000000013a9a43f to 0x0000000013a9da8e
Event: 2093.217 Thread 0x0000000028cf8000 Implicit null exception at 0x00000000138491ac to 0x00000000138493a6
Event: 2093.941 Thread 0x00000000398eb000 Exception <a 'sun/nio/fs/WindowsException'{0x0000000715a8b148}> (0x0000000715a8b148) thrown at [t:/workspace/open/src/hotspot/share/prims/jni.cpp, line 615]
Event: 2093.941 Thread 0x00000000398eb000 Exception <a 'sun/nio/fs/WindowsException'{0x0000000715a8b990}> (0x0000000715a8b990) thrown at [t:/workspace/open/src/hotspot/share/prims/jni.cpp, line 615]
Event: 2093.941 Thread 0x00000000398eb000 Exception <a 'sun/nio/fs/WindowsException'{0x0000000715a8bbb8}> (0x0000000715a8bbb8) thrown at [t:/workspace/open/src/hotspot/share/prims/jni.cpp, line 615]

Events (10 events):
Event: 2093.217 Thread 0x0000000028cf8000 Uncommon trap: trap_request=0xffffff4d fr.pc=0x00000000132079c0 relative=0x0000000000000200
Event: 2093.217 Thread 0x0000000028cf8000 DEOPT PACKING pc=0x00000000132079c0 sp=0x00000000297cd4c0
Event: 2093.217 Thread 0x0000000028cf8000 DEOPT UNPACKING pc=0x000000000b1091af sp=0x00000000297cd470 mode 2
Event: 2093.220 Thread 0x0000000028cf8000 Uncommon trap: trap_request=0xffffffde fr.pc=0x00000000138de79c relative=0x000000000000179c
Event: 2093.220 Thread 0x0000000028cf8000 DEOPT PACKING pc=0x00000000138de79c sp=0x00000000297cd9d0
Event: 2093.220 Thread 0x0000000028cf8000 DEOPT UNPACKING pc=0x000000000b1091af sp=0x00000000297cd9d8 mode 2
Event: 2093.620 Thread 0x0000000029244000 Thread added: 0x0000000029244000
Event: 2093.622 Thread 0x0000000029244000 Thread exited: 0x0000000029244000
Event: 2093.942 loading class com/sun/tools/javac/resources/spi/versionProvider
Event: 2093.942 loading class com/sun/tools/javac/resources/spi/versionProvider done


Dynamic libraries:
0x0000000000400000 - 0x00000000004d2000 	C:\Program Files\BlueJ\BlueJ.exe
0x00007ff82f1c0000 - 0x00007ff82f3ad000 	C:\WINDOWS\SYSTEM32\ntdll.dll
0x00007ff821360000 - 0x00007ff82147b000 	C:\Windows\system32\hmpalert.dll
0x00007ff82cbf0000 - 0x00007ff82cca3000 	C:\WINDOWS\System32\KERNEL32.dll
0x00007ff82b4b0000 - 0x00007ff82b743000 	C:\WINDOWS\System32\KERNELBASE.dll
0x00007ff82f0f0000 - 0x00007ff82f18e000 	C:\WINDOWS\System32\msvcrt.dll
0x00007ff82d120000 - 0x00007ff82e612000 	C:\WINDOWS\System32\SHELL32.dll
0x00007ff82c2e0000 - 0x00007ff82c32a000 	C:\WINDOWS\System32\cfgmgr32.dll
0x00007ff82bea0000 - 0x00007ff82bf9a000 	C:\WINDOWS\System32\ucrtbase.dll
0x00007ff82c740000 - 0x00007ff82c7e8000 	C:\WINDOWS\System32\shcore.dll
0x00007ff82cde0000 - 0x00007ff82cf02000 	C:\WINDOWS\System32\RPCRT4.dll
0x00007ff82e790000 - 0x00007ff82eabc000 	C:\WINDOWS\System32\combase.dll
0x00007ff82bfa0000 - 0x00007ff82c01e000 	C:\WINDOWS\System32\bcryptPrimitives.dll
0x00007ff82b750000 - 0x00007ff82be9a000 	C:\WINDOWS\System32\windows.storage.dll
0x00007ff82c020000 - 0x00007ff82c0c0000 	C:\WINDOWS\System32\msvcp_win.dll
0x00007ff82e6f0000 - 0x00007ff82e78e000 	C:\WINDOWS\System32\sechost.dll
0x00007ff82c610000 - 0x00007ff82c6b3000 	C:\WINDOWS\System32\advapi32.dll
0x00007ff82b250000 - 0x00007ff82b274000 	C:\WINDOWS\System32\profapi.dll
0x00007ff82b1f0000 - 0x00007ff82b24d000 	C:\WINDOWS\System32\powrprof.dll
0x00007ff82c7f0000 - 0x00007ff82c842000 	C:\WINDOWS\System32\shlwapi.dll
0x00007ff82d0f0000 - 0x00007ff82d119000 	C:\WINDOWS\System32\GDI32.dll
0x00007ff82b280000 - 0x00007ff82b419000 	C:\WINDOWS\System32\gdi32full.dll
0x00007ff82c9b0000 - 0x00007ff82cb47000 	C:\WINDOWS\System32\USER32.dll
0x00007ff82c0c0000 - 0x00007ff82c0e0000 	C:\WINDOWS\System32\win32u.dll
0x00007ff82b1b0000 - 0x00007ff82b1c1000 	C:\WINDOWS\System32\kernel.appcore.dll
0x00007ff82c0e0000 - 0x00007ff82c0f7000 	C:\WINDOWS\System32\cryptsp.dll
0x00007ff826400000 - 0x00007ff82640a000 	C:\WINDOWS\SYSTEM32\VERSION.dll
0x00007ff82cb50000 - 0x00007ff82cb7e000 	C:\WINDOWS\System32\IMM32.DLL
0x00007ff82b070000 - 0x00007ff82b0ac000 	C:\PROGRA~2\Sophos\SOPHOS~2\SOPHOS~2.DLL
0x00007ff82cb80000 - 0x00007ff82cb88000 	C:\WINDOWS\System32\PSAPI.DLL
0x00007ffff3ef0000 - 0x00007ffff4a13000 	C:\Program Files\BlueJ\jdk\bin\server\jvm.dll
0x00007ffff6ea0000 - 0x00007ffff6ea9000 	C:\WINDOWS\SYSTEM32\WSOCK32.dll
0x00007ff82ccc0000 - 0x00007ff82cd2d000 	C:\WINDOWS\System32\WS2_32.dll
0x00007ff829420000 - 0x00007ff829444000 	C:\WINDOWS\SYSTEM32\WINMM.dll
0x00007ff827d30000 - 0x00007ff827d46000 	C:\Program Files\BlueJ\jdk\bin\VCRUNTIME140.dll
0x00007ff8293c0000 - 0x00007ff8293ed000 	C:\WINDOWS\SYSTEM32\WINMMBASE.dll
0x00007ff827b90000 - 0x00007ff827ba1000 	C:\Program Files\BlueJ\jdk\bin\verify.dll
0x00007ff81b630000 - 0x00007ff81b81d000 	C:\WINDOWS\SYSTEM32\DBGHELP.DLL
0x00007ff81b600000 - 0x00007ff81b62a000 	C:\WINDOWS\SYSTEM32\dbgcore.DLL
0x00007ff8223f0000 - 0x00007ff822418000 	C:\Program Files\BlueJ\jdk\bin\java.dll
0x00007ff8277b0000 - 0x00007ff8277c6000 	C:\Program Files\BlueJ\jdk\bin\zip.dll
0x00007ff828ac0000 - 0x00007ff828aca000 	C:\Program Files\BlueJ\jdk\bin\jimage.dll
0x00007ff827470000 - 0x00007ff827489000 	C:\Program Files\BlueJ\jdk\bin\net.dll
0x00007ff826a30000 - 0x00007ff826b22000 	C:\WINDOWS\SYSTEM32\WINHTTP.dll
0x00007ff81f810000 - 0x00007ff81f9e7000 	C:\WINDOWS\SYSTEM32\urlmon.dll
0x00007ff81fba0000 - 0x00007ff81fe48000 	C:\WINDOWS\SYSTEM32\iertutil.dll
0x00007ff82ab50000 - 0x00007ff82ab5c000 	C:\WINDOWS\SYSTEM32\CRYPTBASE.DLL
0x00007ff82a980000 - 0x00007ff82a9e7000 	C:\WINDOWS\system32\mswsock.dll
0x00007ff826960000 - 0x00007ff826973000 	C:\Program Files\BlueJ\jdk\bin\nio.dll
0x0000000180000000 - 0x0000000180003000 	C:\Program Files\BlueJ\lib\javafx\bin\api-ms-win-core-console-l1-1-0.dll
0x0000000000780000 - 0x0000000000783000 	C:\Program Files\BlueJ\lib\javafx\bin\api-ms-win-core-datetime-l1-1-0.dll
0x0000000000790000 - 0x0000000000793000 	C:\Program Files\BlueJ\lib\javafx\bin\api-ms-win-core-debug-l1-1-0.dll
0x00000000007a0000 - 0x00000000007a3000 	C:\Program Files\BlueJ\lib\javafx\bin\api-ms-win-core-errorhandling-l1-1-0.dll
0x00000000007b0000 - 0x00000000007b4000 	C:\Program Files\BlueJ\lib\javafx\bin\api-ms-win-core-file-l1-1-0.dll
0x0000000002cb0000 - 0x0000000002cb3000 	C:\Program Files\BlueJ\lib\javafx\bin\api-ms-win-core-file-l1-2-0.dll
0x0000000002cc0000 - 0x0000000002cc3000 	C:\Program Files\BlueJ\lib\javafx\bin\api-ms-win-core-file-l2-1-0.dll
0x0000000002cd0000 - 0x0000000002cd3000 	C:\Program Files\BlueJ\lib\javafx\bin\api-ms-win-core-handle-l1-1-0.dll
0x0000000002ce0000 - 0x0000000002ce3000 	C:\Program Files\BlueJ\lib\javafx\bin\api-ms-win-core-heap-l1-1-0.dll
0x0000000002cf0000 - 0x0000000002cf3000 	C:\Program Files\BlueJ\lib\javafx\bin\api-ms-win-core-interlocked-l1-1-0.dll
0x0000000002d00000 - 0x0000000002d03000 	C:\Program Files\BlueJ\lib\javafx\bin\api-ms-win-core-libraryloader-l1-1-0.dll
0x0000000002d10000 - 0x0000000002d13000 	C:\Program Files\BlueJ\lib\javafx\bin\api-ms-win-core-localization-l1-2-0.dll
0x0000000002d20000 - 0x0000000002d23000 	C:\Program Files\BlueJ\lib\javafx\bin\api-ms-win-core-memory-l1-1-0.dll
0x0000000002d30000 - 0x0000000002d33000 	C:\Program Files\BlueJ\lib\javafx\bin\api-ms-win-core-namedpipe-l1-1-0.dll
0x0000000002d40000 - 0x0000000002d43000 	C:\Program Files\BlueJ\lib\javafx\bin\api-ms-win-core-processenvironment-l1-1-0.dll
0x0000000002d50000 - 0x0000000002d53000 	C:\Program Files\BlueJ\lib\javafx\bin\api-ms-win-core-processthreads-l1-1-0.dll
0x0000000002d60000 - 0x0000000002d63000 	C:\Program Files\BlueJ\lib\javafx\bin\api-ms-win-core-processthreads-l1-1-1.dll
0x0000000002d70000 - 0x0000000002d73000 	C:\Program Files\BlueJ\lib\javafx\bin\api-ms-win-core-profile-l1-1-0.dll
0x0000000002d80000 - 0x0000000002d83000 	C:\Program Files\BlueJ\lib\javafx\bin\api-ms-win-core-rtlsupport-l1-1-0.dll
0x0000000002d90000 - 0x0000000002d93000 	C:\Program Files\BlueJ\lib\javafx\bin\api-ms-win-core-string-l1-1-0.dll
0x0000000029490000 - 0x0000000029493000 	C:\Program Files\BlueJ\lib\javafx\bin\api-ms-win-core-synch-l1-1-0.dll
0x00000000294a0000 - 0x00000000294a3000 	C:\Program Files\BlueJ\lib\javafx\bin\api-ms-win-core-synch-l1-2-0.dll
0x00000000294b0000 - 0x00000000294b3000 	C:\Program Files\BlueJ\lib\javafx\bin\api-ms-win-core-sysinfo-l1-1-0.dll
0x00000000294c0000 - 0x00000000294c3000 	C:\Program Files\BlueJ\lib\javafx\bin\api-ms-win-core-timezone-l1-1-0.dll
0x00000000294d0000 - 0x00000000294d3000 	C:\Program Files\BlueJ\lib\javafx\bin\api-ms-win-core-util-l1-1-0.dll
0x00000000294e0000 - 0x00000000294e3000 	C:\Program Files\BlueJ\lib\javafx\bin\api-ms-win-crt-conio-l1-1-0.dll
0x00000000294f0000 - 0x00000000294f4000 	C:\Program Files\BlueJ\lib\javafx\bin\api-ms-win-crt-convert-l1-1-0.dll
0x0000000029500000 - 0x0000000029503000 	C:\Program Files\BlueJ\lib\javafx\bin\api-ms-win-crt-environment-l1-1-0.dll
0x0000000029510000 - 0x0000000029513000 	C:\Program Files\BlueJ\lib\javafx\bin\api-ms-win-crt-filesystem-l1-1-0.dll
0x0000000029520000 - 0x0000000029523000 	C:\Program Files\BlueJ\lib\javafx\bin\api-ms-win-crt-heap-l1-1-0.dll
0x0000000029530000 - 0x0000000029533000 	C:\Program Files\BlueJ\lib\javafx\bin\api-ms-win-crt-locale-l1-1-0.dll
0x0000000029540000 - 0x0000000029545000 	C:\Program Files\BlueJ\lib\javafx\bin\api-ms-win-crt-math-l1-1-0.dll
0x0000000029550000 - 0x0000000029555000 	C:\Program Files\BlueJ\lib\javafx\bin\api-ms-win-crt-multibyte-l1-1-0.dll
0x0000000029560000 - 0x0000000029570000 	C:\Program Files\BlueJ\lib\javafx\bin\api-ms-win-crt-private-l1-1-0.dll
0x0000000029570000 - 0x0000000029573000 	C:\Program Files\BlueJ\lib\javafx\bin\api-ms-win-crt-process-l1-1-0.dll
0x0000000029580000 - 0x0000000029584000 	C:\Program Files\BlueJ\lib\javafx\bin\api-ms-win-crt-runtime-l1-1-0.dll
0x0000000029590000 - 0x0000000029594000 	C:\Program Files\BlueJ\lib\javafx\bin\api-ms-win-crt-stdio-l1-1-0.dll
0x00000000295a0000 - 0x00000000295a4000 	C:\Program Files\BlueJ\lib\javafx\bin\api-ms-win-crt-string-l1-1-0.dll
0x00000000295b0000 - 0x00000000295b3000 	C:\Program Files\BlueJ\lib\javafx\bin\api-ms-win-crt-time-l1-1-0.dll
0x00000000295c0000 - 0x00000000295c3000 	C:\Program Files\BlueJ\lib\javafx\bin\api-ms-win-crt-utility-l1-1-0.dll
0x00007ff820430000 - 0x00007ff82052a000 	C:\Program Files\BlueJ\lib\javafx\bin\ucrtbase.dll
0x00007ff823250000 - 0x00007ff823266000 	C:\Program Files\BlueJ\lib\javafx\bin\vcruntime140.dll
0x00007ff820380000 - 0x00007ff820426000 	C:\Program Files\BlueJ\lib\javafx\bin\msvcp140.dll
0x00007ff820990000 - 0x00007ff8209e1000 	C:\Program Files\BlueJ\lib\javafx\bin\concrt140.dll
0x00007ff820ee0000 - 0x00007ff820f03000 	C:\Program Files\BlueJ\lib\javafx\bin\prism_d3d.dll
0x00007ff8201e0000 - 0x00007ff82037e000 	C:\WINDOWS\system32\d3d9.dll
0x00007ff829a40000 - 0x00007ff829a6e000 	C:\WINDOWS\SYSTEM32\dwmapi.dll
0x00007ff82c100000 - 0x00007ff82c2db000 	C:\WINDOWS\System32\CRYPT32.dll
0x00007ff82b1d0000 - 0x00007ff82b1e2000 	C:\WINDOWS\System32\MSASN1.dll
0x00007ff829760000 - 0x00007ff8297fc000 	C:\WINDOWS\system32\uxtheme.dll
0x00007fffeaa10000 - 0x00007fffeccdf000 	C:\WINDOWS\SYSTEM32\igdumdim64.dll
0x00007ff82eac0000 - 0x00007ff82ef36000 	C:\WINDOWS\System32\SETUPAPI.dll
0x00007ff82b420000 - 0x00007ff82b446000 	C:\WINDOWS\System32\bcrypt.dll
0x00007ff82e620000 - 0x00007ff82e6e4000 	C:\WINDOWS\System32\OLEAUT32.dll
0x00007ff82c850000 - 0x00007ff82c9a5000 	C:\WINDOWS\System32\ole32.dll
0x00007ff8205c0000 - 0x00007ff820605000 	C:\Program Files\BlueJ\lib\javafx\bin\glass.dll
0x00007ff82efc0000 - 0x00007ff82f0e7000 	C:\WINDOWS\System32\COMDLG32.dll
0x00007ff81bda0000 - 0x00007ff81be49000 	C:\WINDOWS\WinSxS\amd64_microsoft.windows.common-controls_6595b64144ccf1df_5.82.17763.737_none_10e1b4046430be2e\COMCTL32.dll
0x00007ff82cf10000 - 0x00007ff82d07b000 	C:\WINDOWS\System32\MSCTF.dll
0x00007ff821480000 - 0x00007ff821e71000 	C:\WINDOWS\SYSTEM32\igdusc64.dll
0x00007ffff4e60000 - 0x00007ffff4ffe000 	C:\Program Files\BlueJ\jdk\bin\awt.dll
0x00007ff828000000 - 0x00007ff8285be000 	C:\WINDOWS\SYSTEM32\d2d1.dll
0x00007ff829330000 - 0x00007ff8293bc000 	C:\WINDOWS\SYSTEM32\apphelp.dll
0x00007ff820810000 - 0x00007ff820824000 	C:\Program Files\BlueJ\lib\javafx\bin\javafx_font.dll
0x00007ff81f010000 - 0x00007ff81f30c000 	C:\WINDOWS\SYSTEM32\dwrite.dll
0x00007ff82cd30000 - 0x00007ff82cdd2000 	C:\WINDOWS\System32\clbcatq.dll
0x00007ff8197f0000 - 0x00007ff819a69000 	C:\WINDOWS\WinSxS\amd64_microsoft.windows.common-controls_6595b64144ccf1df_6.0.17763.737_none_05b6437c071e554b\comctl32.dll
0x00007ff825b20000 - 0x00007ff825cd8000 	C:\WINDOWS\SYSTEM32\WindowsCodecs.dll
0x00007ff827040000 - 0x00007ff827096000 	C:\WINDOWS\system32\dataexchange.dll
0x00007ff828790000 - 0x00007ff828a0e000 	C:\WINDOWS\system32\d3d11.dll
0x00007ff8285c0000 - 0x00007ff828783000 	C:\WINDOWS\system32\dcomp.dll
0x00007ff829f70000 - 0x00007ff82a032000 	C:\WINDOWS\system32\dxgi.dll
0x00007ff829800000 - 0x00007ff829a0d000 	C:\WINDOWS\system32\twinapi.appcore.dll
0x00007ff829a70000 - 0x00007ff829a98000 	C:\WINDOWS\system32\RMCLIENT.dll
0x00007ff820080000 - 0x00007ff8200b3000 	C:\Program Files\Common Files\Microsoft Shared\Ink\rtscom.dll
0x00007ff829070000 - 0x00007ff829105000 	C:\WINDOWS\System32\TextInputFramework.dll
0x00007ff826c80000 - 0x00007ff826fa2000 	C:\WINDOWS\System32\CoreUIComponents.dll
0x00007ff828f60000 - 0x00007ff829042000 	C:\WINDOWS\System32\CoreMessaging.dll
0x00007ff82a1e0000 - 0x00007ff82a211000 	C:\WINDOWS\SYSTEM32\ntmarta.dll

dbghelp: loaded successfully - version: 4.0.5 - missing functions: none
symbol engine: initialized successfully - sym options: 0x614 - pdb path: .;C:\Program Files\BlueJ;C:\WINDOWS\SYSTEM32;C:\PROGRA~2\Sophos\SOPHOS~2;C:\Program Files\BlueJ\jdk\bin\server;C:\Program Files\BlueJ\jdk\bin;C:\Program Files\BlueJ\lib\javafx\bin;C:\WINDOWS\WinSxS\amd64_microsoft.windows.common-controls_6595b64144ccf1df_5.82.17763.737_none_10e1b4046430be2e;C:\WINDOWS\WinSxS\amd64_microsoft.windows.common-controls_6595b64144ccf1df_6.0.17763.737_none_05b6437c071e554b;C:\Program Files\Common Files\Microsoft Shared\Ink

VM Arguments:
jvm_args: -Djavafx.embed.singleThread=true 
java_command: <unknown>
java_class_path (initial): C:\Program Files\BlueJ\lib\bluej.jar;C:\Program Files\BlueJ\lib\javafx\lib\javafx.base.jar;C:\Program Files\BlueJ\lib\javafx\lib\javafx.controls.jar;C:\Program Files\BlueJ\lib\javafx\lib\javafx.fxml.jar;C:\Program Files\BlueJ\lib\javafx\lib\javafx.graphics.jar;C:\Program Files\BlueJ\lib\javafx\lib\javafx.media.jar;C:\Program Files\BlueJ\lib\javafx\lib\javafx.properties.jar;C:\Program Files\BlueJ\lib\javafx\lib\javafx.swing.jar;C:\Program Files\BlueJ\lib\javafx\lib\javafx.web.jar
Launcher Type: generic

[Global flags]
     intx CICompilerCount                          = 3                                         {product} {ergonomic}
     uint ConcGCThreads                            = 1                                         {product} {ergonomic}
     uint G1ConcRefinementThreads                  = 4                                         {product} {ergonomic}
   size_t G1HeapRegionSize                         = 1048576                                   {product} {ergonomic}
    uintx GCDrainStackTargetSize                   = 64                                        {product} {ergonomic}
   size_t InitialHeapSize                          = 268435456                                 {product} {ergonomic}
   size_t MarkStackSize                            = 4194304                                   {product} {ergonomic}
   size_t MaxHeapSize                              = 4271898624                                {product} {ergonomic}
   size_t MaxNewSize                               = 2562719744                                {product} {ergonomic}
   size_t MinHeapDeltaBytes                        = 1048576                                   {product} {ergonomic}
    uintx NonNMethodCodeHeapSize                   = 5830092                                {pd product} {ergonomic}
    uintx NonProfiledCodeHeapSize                  = 122914074                              {pd product} {ergonomic}
    uintx ProfiledCodeHeapSize                     = 122914074                              {pd product} {ergonomic}
    uintx ReservedCodeCacheSize                    = 251658240                              {pd product} {ergonomic}
     bool SegmentedCodeCache                       = true                                      {product} {ergonomic}
     bool UseCompressedClassPointers               = true                                 {lp64_product} {ergonomic}
     bool UseCompressedOops                        = true                                 {lp64_product} {ergonomic}
     bool UseG1GC                                  = true                                      {product} {ergonomic}
     bool UseLargePagesIndividualAllocation        = false                                  {pd product} {ergonomic}

Logging:
Log output configuration:
 #0: stdout all=warning uptime,level,tags
 #1: stderr all=off uptime,level,tags

Environment Variables:
PATH=C:\WINDOWS\system32;C:\WINDOWS;C:\WINDOWS\System32\Wbem;C:\WINDOWS\System32\WindowsPowerShell\v1.0\;C:\WINDOWS\System32\OpenSSH\;C:\Program Files\Microsoft SQL Server\120\Tools\Binn\;C:\Program Files\Common Files\Autodesk Shared\;C:\Users\814390\AppData\Local\Microsoft\WindowsApps;
USERNAME=814390
OS=Windows_NT
PROCESSOR_IDENTIFIER=Intel64 Family 6 Model 60 Stepping 3, GenuineIntel



---------------  S Y S T E M  ---------------

OS:Call to GetFileVersionInfoSize failed

CPU:total 4 (initial active 4) (2 cores per cpu, 2 threads per core) family 6 model 60 stepping 3, cmov, cx8, fxsr, mmx, sse, sse2, sse3, ssse3, sse4.1, sse4.2, popcnt, avx, avx2, aes, clmul, erms, lzcnt, ht, tsc, tscinvbit, bmi1, bmi2, fma

Memory: 4k page, system-wide physical 16289M (11588M free)
TotalPageFile size 18721M (AvailPageFile size 12628M)
current process WorkingSet (physical memory assigned to process): 722M, peak: 753M
current process commit charge ("private bytes"): 777M, peak: 811M

vm_info: OpenJDK 64-Bit Server VM (11.0.2+9) for windows-amd64 JRE (11.0.2+9), built on Jan 18 2019 05:23:22 by "mach5one" with MS VC++ 15.5 (VS2017)

END.
